#
# There is insufficient memory for the Java Runtime Environment to continue.
# Native memory allocation (malloc) failed to allocate 1200016 bytes for Chunk::new
# Possible reasons:
#   The system is out of physical RAM or swap space
#   The process is running with CompressedOops enabled, and the Java Heap may be blocking the growth of the native heap
# Possible solutions:
#   Reduce memory load on the system
#   Increase physical memory or swap space
#   Check if swap backing store is full
#   Decrease Java heap size (-Xmx/-Xms)
#   Decrease number of Java threads
#   Decrease Java thread stack sizes (-Xss)
#   Set larger code cache with -XX:ReservedCodeCacheSize=
#   JVM is running with Unscaled Compressed Oops mode in which the Java heap is
#     placed in the first 4GB address space. The Java Heap base address is the
#     maximum limit for the native heap growth. Please use -XX:HeapBaseMinAddress
#     to set the Java Heap base and to place the Java Heap above 4GB virtual address.
# This output file may be truncated or incomplete.
#
#  Out of Memory Error (arena.cpp:189), pid=4672, tid=1784
#
# JRE version: OpenJDK Runtime Environment (17.0.7) (build 17.0.7+0-b2043.56-10550314)
# Java VM: OpenJDK 64-Bit Server VM (17.0.7+0-b2043.56-10550314, mixed mode, tiered, compressed oops, compressed class ptrs, g1 gc, windows-amd64)
# No core dump will be written. Minidumps are not enabled by default on client versions of Windows
#

---------------  S U M M A R Y ------------

Command Line: --add-opens=java.base/java.util=ALL-UNNAMED --add-opens=java.base/java.lang=ALL-UNNAMED --add-opens=java.base/java.lang.invoke=ALL-UNNAMED --add-opens=java.prefs/java.util.prefs=ALL-UNNAMED --add-opens=java.base/java.nio.charset=ALL-UNNAMED --add-opens=java.base/java.net=ALL-UNNAMED --add-opens=java.base/java.util.concurrent.atomic=ALL-UNNAMED -Xmx2048m -Dfile.encoding=UTF-8 -Duser.country=US -Duser.language=en -Duser.variant -javaagent:C:\Users\mehre\.gradle\wrapper\dists\gradle-8.2-bin\bbg7u40eoinfdyxsxr3z4i7ta\gradle-8.2\lib\agents\gradle-instrumentation-agent-8.2.jar org.gradle.launcher.daemon.bootstrap.GradleDaemon 8.2

Host: Intel(R) Core(TM) i5-4300U CPU @ 1.90GHz, 4 cores, 3G,  Windows 11 , 64 bit Build 22000 (10.0.22000.2538)
Time: Wed Jan 10 18:38:36 2024 Pakistan Standard Time elapsed time: 18.809127 seconds (0d 0h 0m 18s)

---------------  T H R E A D  ---------------

Current thread (0x000002d622fc9770):  JavaThread "C2 CompilerThread0" daemon [_thread_in_native, id=1784, stack(0x000000fb6fd00000,0x000000fb6fe00000)]


Current CompileTask:
C2:  18809 6708       4       java.lang.Class::annotationData (44 bytes)

Stack: [0x000000fb6fd00000,0x000000fb6fe00000]
Native frames: (J=compiled Java code, j=interpreted, Vv=VM code, C=native code)
V  [jvm.dll+0x683bfa]
V  [jvm.dll+0x8430a4]
V  [jvm.dll+0x8449be]
V  [jvm.dll+0x845023]
V  [jvm.dll+0x24ad2f]
V  [jvm.dll+0xac25c]
V  [jvm.dll+0xac82c]
V  [jvm.dll+0x36a132]
V  [jvm.dll+0x1bdf52]
V  [jvm.dll+0x21d3a9]
V  [jvm.dll+0x21c671]
V  [jvm.dll+0x1a605d]
V  [jvm.dll+0x22c148]
V  [jvm.dll+0x22a209]
V  [jvm.dll+0x7f858c]
V  [jvm.dll+0x7f2aea]
V  [jvm.dll+0x682a35]
C  [ucrtbase.dll+0x26c0c]
C  [KERNEL32.DLL+0x153e0]
C  [ntdll.dll+0x485b]


---------------  P R O C E S S  ---------------

Threads class SMR info:
_java_thread_list=0x000002d62ae8fb00, length=43, elements={
0x000002d609a0bd70, 0x000002d622fa47b0, 0x000002d622fa52d0, 0x000002d622fc6fe0,
0x000002d622fc7a00, 0x000002d622fc82c0, 0x000002d622fc8b80, 0x000002d622fc9770,
0x000002d622fca070, 0x000002d6232a9c20, 0x000002d609adafb0, 0x000002d6234ddc30,
0x000002d628b0e970, 0x000002d628f43e20, 0x000002d628b59ed0, 0x000002d628ffc030,
0x000002d628ffc500, 0x000002d62903dc90, 0x000002d62906b7a0, 0x000002d628ec9ee0,
0x000002d628ecad50, 0x000002d628ecc090, 0x000002d628eca3b0, 0x000002d628ecca30,
0x000002d628eca880, 0x000002d628ecb220, 0x000002d628ec9070, 0x000002d628ecb6f0,
0x000002d628ec9a10, 0x000002d628ec9540, 0x000002d628ecbbc0, 0x000002d628ecc560,
0x000002d62953c9b0, 0x000002d6295394c0, 0x000002d629535160, 0x000002d629536e40,
0x000002d629535630, 0x000002d629538b20, 0x000002d629535b00, 0x000002d629539990,
0x000002d6295364a0, 0x000002d629537cb0, 0x000002d62953b1a0
}

Java Threads: ( => current thread )
  0x000002d609a0bd70 JavaThread "main" [_thread_blocked, id=10752, stack(0x000000fb6f000000,0x000000fb6f100000)]
  0x000002d622fa47b0 JavaThread "Reference Handler" daemon [_thread_blocked, id=17112, stack(0x000000fb6f700000,0x000000fb6f800000)]
  0x000002d622fa52d0 JavaThread "Finalizer" daemon [_thread_blocked, id=2784, stack(0x000000fb6f800000,0x000000fb6f900000)]
  0x000002d622fc6fe0 JavaThread "Signal Dispatcher" daemon [_thread_blocked, id=16720, stack(0x000000fb6f900000,0x000000fb6fa00000)]
  0x000002d622fc7a00 JavaThread "Attach Listener" daemon [_thread_blocked, id=5096, stack(0x000000fb6fa00000,0x000000fb6fb00000)]
  0x000002d622fc82c0 JavaThread "Service Thread" daemon [_thread_blocked, id=4948, stack(0x000000fb6fb00000,0x000000fb6fc00000)]
  0x000002d622fc8b80 JavaThread "Monitor Deflation Thread" daemon [_thread_blocked, id=13404, stack(0x000000fb6fc00000,0x000000fb6fd00000)]
=>0x000002d622fc9770 JavaThread "C2 CompilerThread0" daemon [_thread_in_native, id=1784, stack(0x000000fb6fd00000,0x000000fb6fe00000)]
  0x000002d622fca070 JavaThread "C1 CompilerThread0" daemon [_thread_blocked, id=264, stack(0x000000fb6fe00000,0x000000fb6ff00000)]
  0x000002d6232a9c20 JavaThread "Sweeper thread" daemon [_thread_blocked, id=4984, stack(0x000000fb6ff00000,0x000000fb70000000)]
  0x000002d609adafb0 JavaThread "Common-Cleaner" daemon [_thread_blocked, id=13736, stack(0x000000fb70000000,0x000000fb70100000)]
  0x000002d6234ddc30 JavaThread "Notification Thread" daemon [_thread_blocked, id=17256, stack(0x000000fb70100000,0x000000fb70200000)]
  0x000002d628b0e970 JavaThread "Daemon health stats" [_thread_blocked, id=16916, stack(0x000000fb70600000,0x000000fb70700000)]
  0x000002d628f43e20 JavaThread "Incoming local TCP Connector on port 50199" [_thread_in_native, id=14220, stack(0x000000fb70700000,0x000000fb70800000)]
  0x000002d628b59ed0 JavaThread "Daemon periodic checks" [_thread_blocked, id=13692, stack(0x000000fb70800000,0x000000fb70900000)]
  0x000002d628ffc030 JavaThread "Daemon" [_thread_blocked, id=16832, stack(0x000000fb70900000,0x000000fb70a00000)]
  0x000002d628ffc500 JavaThread "Handler for socket connection from /127.0.0.1:50199 to /127.0.0.1:50200" [_thread_in_native, id=9540, stack(0x000000fb70a00000,0x000000fb70b00000)]
  0x000002d62903dc90 JavaThread "Cancel handler" [_thread_blocked, id=6780, stack(0x000000fb70b00000,0x000000fb70c00000)]
  0x000002d62906b7a0 JavaThread "Daemon worker" [_thread_in_Java, id=16680, stack(0x000000fb70c00000,0x000000fb70d00000)]
  0x000002d628ec9ee0 JavaThread "Asynchronous log dispatcher for DefaultDaemonConnection: socket connection from /127.0.0.1:50199 to /127.0.0.1:50200" [_thread_blocked, id=16368, stack(0x000000fb70d00000,0x000000fb70e00000)]
  0x000002d628ecad50 JavaThread "Stdin handler" [_thread_blocked, id=6124, stack(0x000000fb70e00000,0x000000fb70f00000)]
  0x000002d628ecc090 JavaThread "Daemon client event forwarder" [_thread_blocked, id=16620, stack(0x000000fb70f00000,0x000000fb71000000)]
  0x000002d628eca3b0 JavaThread "Cache worker for journal cache (C:\Users\mehre\.gradle\caches\journal-1)" [_thread_blocked, id=13328, stack(0x000000fb71000000,0x000000fb71100000)]
  0x000002d628ecca30 JavaThread "File lock request listener" [_thread_in_native, id=17364, stack(0x000000fb71100000,0x000000fb71200000)]
  0x000002d628eca880 JavaThread "Cache worker for file hash cache (C:\Users\mehre\.gradle\caches\8.2\fileHashes)" [_thread_blocked, id=17388, stack(0x000000fb71200000,0x000000fb71300000)]
  0x000002d628ecb220 JavaThread "File watcher server" daemon [_thread_in_native, id=6296, stack(0x000000fb71300000,0x000000fb71400000)]
  0x000002d628ec9070 JavaThread "File watcher consumer" daemon [_thread_blocked, id=11388, stack(0x000000fb71400000,0x000000fb71500000)]
  0x000002d628ecb6f0 JavaThread "jar transforms" [_thread_blocked, id=6432, stack(0x000000fb71500000,0x000000fb71600000)]
  0x000002d628ec9a10 JavaThread "jar transforms Thread 2" [_thread_blocked, id=17188, stack(0x000000fb71600000,0x000000fb71700000)]
  0x000002d628ec9540 JavaThread "jar transforms Thread 3" [_thread_blocked, id=7196, stack(0x000000fb71700000,0x000000fb71800000)]
  0x000002d628ecbbc0 JavaThread "jar transforms Thread 4" [_thread_blocked, id=11700, stack(0x000000fb71800000,0x000000fb71900000)]
  0x000002d628ecc560 JavaThread "Cache worker for checksums cache (C:\Users\mehre\AndroidStudioProjects\book\.gradle\8.2\checksums)" [_thread_blocked, id=14080, stack(0x000000fb71900000,0x000000fb71a00000)]
  0x000002d62953c9b0 JavaThread "Cache worker for cache directory md-rule (C:\Users\mehre\.gradle\caches\8.2\md-rule)" [_thread_blocked, id=7660, stack(0x000000fb71a00000,0x000000fb71b00000)]
  0x000002d6295394c0 JavaThread "Cache worker for file content cache (C:\Users\mehre\.gradle\caches\8.2\fileContent)" [_thread_blocked, id=3012, stack(0x000000fb71b00000,0x000000fb71c00000)]
  0x000002d629535160 JavaThread "Cache worker for file hash cache (C:\Users\mehre\AndroidStudioProjects\book\.gradle\8.2\fileHashes)" [_thread_blocked, id=12812, stack(0x000000fb71c00000,0x000000fb71d00000)]
  0x000002d629536e40 JavaThread "Cache worker for cache directory md-supplier (C:\Users\mehre\.gradle\caches\8.2\md-supplier)" [_thread_blocked, id=11648, stack(0x000000fb71d00000,0x000000fb71e00000)]
  0x000002d629535630 JavaThread "Cache worker for execution history cache (C:\Users\mehre\.gradle\caches\8.2\executionHistory)" [_thread_blocked, id=7280, stack(0x000000fb71e00000,0x000000fb71f00000)]
  0x000002d629538b20 JavaThread "Cache worker for kotlin-dsl (C:\Users\mehre\.gradle\caches\8.2\kotlin-dsl)" [_thread_blocked, id=16320, stack(0x000000fb71f00000,0x000000fb72000000)]
  0x000002d629535b00 JavaThread "Cache worker for dependencies-accessors (C:\Users\mehre\AndroidStudioProjects\book\.gradle\8.2\dependencies-accessors)" [_thread_blocked, id=10016, stack(0x000000fb72000000,0x000000fb72100000)]
  0x000002d629539990 JavaThread "Cache worker for Build Output Cleanup Cache (C:\Users\mehre\AndroidStudioProjects\book\.gradle\buildOutputCleanup)" [_thread_blocked, id=17332, stack(0x000000fb72100000,0x000000fb72200000)]
  0x000002d6295364a0 JavaThread "Unconstrained build operations" [_thread_blocked, id=14616, stack(0x000000fb72300000,0x000000fb72400000)]
  0x000002d629537cb0 JavaThread "Unconstrained build operations Thread 2" [_thread_blocked, id=15904, stack(0x000000fb72400000,0x000000fb72500000)]
  0x000002d62953b1a0 JavaThread "Unconstrained build operations Thread 3" [_thread_blocked, id=13920, stack(0x000000fb72500000,0x000000fb72600000)]

Other Threads:
  0x000002d622f5c730 VMThread "VM Thread" [stack: 0x000000fb6f600000,0x000000fb6f700000] [id=11868]
  0x000002d62357ecb0 WatcherThread [stack: 0x000000fb70200000,0x000000fb70300000] [id=2584]
  0x000002d609a69240 GCTaskThread "GC Thread#0" [stack: 0x000000fb6f100000,0x000000fb6f200000] [id=492]
  0x000002d623790790 GCTaskThread "GC Thread#1" [stack: 0x000000fb70300000,0x000000fb70400000] [id=10636]
  0x000002d6236590b0 GCTaskThread "GC Thread#2" [stack: 0x000000fb70400000,0x000000fb70500000] [id=10496]
  0x000002d623cbfd30 GCTaskThread "GC Thread#3" [stack: 0x000000fb70500000,0x000000fb70600000] [id=10292]
  0x000002d609a7a180 ConcurrentGCThread "G1 Main Marker" [stack: 0x000000fb6f200000,0x000000fb6f300000] [id=8924]
  0x000002d609a7b330 ConcurrentGCThread "G1 Conc#0" [stack: 0x000000fb6f300000,0x000000fb6f400000] [id=13968]
  0x000002d609acb100 ConcurrentGCThread "G1 Refine#0" [stack: 0x000000fb6f400000,0x000000fb6f500000] [id=440]
  0x000002d609acba30 ConcurrentGCThread "G1 Service" [stack: 0x000000fb6f500000,0x000000fb6f600000] [id=13384]

Threads with active compile tasks:
C2 CompilerThread0    18892 6708       4       java.lang.Class::annotationData (44 bytes)

VM state: not at safepoint (normal execution)

VM Mutex/Monitor currently owned by a thread: None

Heap address: 0x0000000080000000, size: 2048 MB, Compressed Oops mode: 32-bit

CDS archive(s) not mapped
Compressed class space mapped at: 0x0000000100000000-0x0000000140000000, reserved size: 1073741824
Narrow klass base: 0x0000000000000000, Narrow klass shift: 3, Narrow klass range: 0x140000000

GC Precious Log:
 CPUs: 4 total, 4 available
 Memory: 3993M
 Large Page Support: Disabled
 NUMA Support: Disabled
 Compressed Oops: Enabled (32-bit)
 Heap Region Size: 1M
 Heap Min Capacity: 8M
 Heap Initial Capacity: 64M
 Heap Max Capacity: 2G
 Pre-touch: Disabled
 Parallel Workers: 4
 Concurrent Workers: 1
 Concurrent Refinement Workers: 4
 Periodic GC: Disabled

Heap:
 garbage-first heap   total 140288K, used 106876K [0x0000000080000000, 0x0000000100000000)
  region size 1024K, 22 young (22528K), 1 survivors (1024K)
 Metaspace       used 68265K, committed 68992K, reserved 1114112K
  class space    used 9149K, committed 9472K, reserved 1048576K

Heap Regions: E=young(eden), S=young(survivor), O=old, HS=humongous(starts), HC=humongous(continues), CS=collection set, F=free, OA=open archive, CA=closed archive, TAMS=top-at-mark-start (previous, next)
|   0|0x0000000080000000, 0x0000000080100000, 0x0000000080100000|100%| O|  |TAMS 0x0000000080100000, 0x0000000080000000| Untracked 
|   1|0x0000000080100000, 0x0000000080200000, 0x0000000080200000|100%| O|  |TAMS 0x0000000080200000, 0x0000000080100000| Untracked 
|   2|0x0000000080200000, 0x0000000080300000, 0x0000000080300000|100%|HS|  |TAMS 0x0000000080300000, 0x0000000080200000| Complete 
|   3|0x0000000080300000, 0x0000000080400000, 0x0000000080400000|100%|HC|  |TAMS 0x0000000080400000, 0x0000000080300000| Complete 
|   4|0x0000000080400000, 0x0000000080500000, 0x0000000080500000|100%|HC|  |TAMS 0x0000000080500000, 0x0000000080400000| Complete 
|   5|0x0000000080500000, 0x0000000080600000, 0x0000000080600000|100%|HC|  |TAMS 0x0000000080600000, 0x0000000080500000| Complete 
|   6|0x0000000080600000, 0x0000000080700000, 0x0000000080700000|100%| O|  |TAMS 0x0000000080700000, 0x0000000080600000| Untracked 
|   7|0x0000000080700000, 0x0000000080800000, 0x0000000080800000|100%| O|  |TAMS 0x0000000080800000, 0x0000000080700000| Untracked 
|   8|0x0000000080800000, 0x0000000080900000, 0x0000000080900000|100%| O|  |TAMS 0x0000000080900000, 0x0000000080800000| Untracked 
|   9|0x0000000080900000, 0x0000000080a00000, 0x0000000080a00000|100%| O|  |TAMS 0x0000000080a00000, 0x0000000080900000| Untracked 
|  10|0x0000000080a00000, 0x0000000080b00000, 0x0000000080b00000|100%| O|  |TAMS 0x0000000080b00000, 0x0000000080a00000| Untracked 
|  11|0x0000000080b00000, 0x0000000080c00000, 0x0000000080c00000|100%| O|  |TAMS 0x0000000080c00000, 0x0000000080b00000| Untracked 
|  12|0x0000000080c00000, 0x0000000080d00000, 0x0000000080d00000|100%| O|  |TAMS 0x0000000080d00000, 0x0000000080c00000| Untracked 
|  13|0x0000000080d00000, 0x0000000080e00000, 0x0000000080e00000|100%| O|  |TAMS 0x0000000080e00000, 0x0000000080d00000| Untracked 
|  14|0x0000000080e00000, 0x0000000080f00000, 0x0000000080f00000|100%| O|  |TAMS 0x0000000080f00000, 0x0000000080e00000| Untracked 
|  15|0x0000000080f00000, 0x0000000081000000, 0x0000000081000000|100%| O|  |TAMS 0x0000000081000000, 0x0000000080f00000| Untracked 
|  16|0x0000000081000000, 0x0000000081100000, 0x0000000081100000|100%| O|  |TAMS 0x0000000081100000, 0x0000000081000000| Untracked 
|  17|0x0000000081100000, 0x0000000081200000, 0x0000000081200000|100%| O|  |TAMS 0x0000000081200000, 0x0000000081100000| Untracked 
|  18|0x0000000081200000, 0x0000000081300000, 0x0000000081300000|100%|HS|  |TAMS 0x0000000081300000, 0x0000000081200000| Complete 
|  19|0x0000000081300000, 0x0000000081400000, 0x0000000081400000|100%|HC|  |TAMS 0x0000000081400000, 0x0000000081300000| Complete 
|  20|0x0000000081400000, 0x0000000081500000, 0x0000000081500000|100%|HS|  |TAMS 0x0000000081500000, 0x0000000081400000| Complete 
|  21|0x0000000081500000, 0x0000000081600000, 0x0000000081600000|100%|HC|  |TAMS 0x0000000081600000, 0x0000000081500000| Complete 
|  22|0x0000000081600000, 0x0000000081700000, 0x0000000081700000|100%|HC|  |TAMS 0x0000000081700000, 0x0000000081600000| Complete 
|  23|0x0000000081700000, 0x0000000081800000, 0x0000000081800000|100%|HS|  |TAMS 0x0000000081800000, 0x0000000081700000| Complete 
|  24|0x0000000081800000, 0x0000000081900000, 0x0000000081900000|100%|HC|  |TAMS 0x0000000081900000, 0x0000000081800000| Complete 
|  25|0x0000000081900000, 0x0000000081a00000, 0x0000000081a00000|100%| O|  |TAMS 0x0000000081a00000, 0x0000000081900000| Untracked 
|  26|0x0000000081a00000, 0x0000000081b00000, 0x0000000081b00000|100%| O|  |TAMS 0x0000000081b00000, 0x0000000081a00000| Untracked 
|  27|0x0000000081b00000, 0x0000000081c00000, 0x0000000081c00000|100%| O|  |TAMS 0x0000000081c00000, 0x0000000081b00000| Untracked 
|  28|0x0000000081c00000, 0x0000000081d00000, 0x0000000081d00000|100%|HS|  |TAMS 0x0000000081d00000, 0x0000000081c00000| Complete 
|  29|0x0000000081d00000, 0x0000000081e00000, 0x0000000081e00000|100%|HC|  |TAMS 0x0000000081e00000, 0x0000000081d00000| Complete 
|  30|0x0000000081e00000, 0x0000000081f00000, 0x0000000081f00000|100%|HC|  |TAMS 0x0000000081f00000, 0x0000000081e00000| Complete 
|  31|0x0000000081f00000, 0x0000000082000000, 0x0000000082000000|100%|HC|  |TAMS 0x0000000082000000, 0x0000000081f00000| Complete 
|  32|0x0000000082000000, 0x0000000082100000, 0x0000000082100000|100%|HC|  |TAMS 0x0000000082100000, 0x0000000082000000| Complete 
|  33|0x0000000082100000, 0x0000000082200000, 0x0000000082200000|100%|HC|  |TAMS 0x0000000082200000, 0x0000000082100000| Complete 
|  34|0x0000000082200000, 0x0000000082300000, 0x0000000082300000|100%|HC|  |TAMS 0x0000000082300000, 0x0000000082200000| Complete 
|  35|0x0000000082300000, 0x0000000082400000, 0x0000000082400000|100%|HC|  |TAMS 0x0000000082400000, 0x0000000082300000| Complete 
|  36|0x0000000082400000, 0x0000000082500000, 0x0000000082500000|100%|HC|  |TAMS 0x0000000082500000, 0x0000000082400000| Complete 
|  37|0x0000000082500000, 0x0000000082600000, 0x0000000082600000|100%|HC|  |TAMS 0x0000000082600000, 0x0000000082500000| Complete 
|  38|0x0000000082600000, 0x0000000082700000, 0x0000000082700000|100%|HC|  |TAMS 0x0000000082700000, 0x0000000082600000| Complete 
|  39|0x0000000082700000, 0x0000000082800000, 0x0000000082800000|100%|HC|  |TAMS 0x0000000082800000, 0x0000000082700000| Complete 
|  40|0x0000000082800000, 0x0000000082900000, 0x0000000082900000|100%| O|  |TAMS 0x0000000082900000, 0x0000000082800000| Untracked 
|  41|0x0000000082900000, 0x0000000082a00000, 0x0000000082a00000|100%| O|  |TAMS 0x0000000082a00000, 0x0000000082900000| Untracked 
|  42|0x0000000082a00000, 0x0000000082b00000, 0x0000000082b00000|100%| O|  |TAMS 0x0000000082b00000, 0x0000000082a00000| Untracked 
|  43|0x0000000082b00000, 0x0000000082c00000, 0x0000000082c00000|100%| O|  |TAMS 0x0000000082c00000, 0x0000000082b00000| Untracked 
|  44|0x0000000082c00000, 0x0000000082d00000, 0x0000000082d00000|100%|HS|  |TAMS 0x0000000082d00000, 0x0000000082c00000| Complete 
|  45|0x0000000082d00000, 0x0000000082e00000, 0x0000000082e00000|100%|HC|  |TAMS 0x0000000082e00000, 0x0000000082d00000| Complete 
|  46|0x0000000082e00000, 0x0000000082f00000, 0x0000000082f00000|100%| O|  |TAMS 0x0000000082f00000, 0x0000000082e00000| Untracked 
|  47|0x0000000082f00000, 0x0000000083000000, 0x0000000083000000|100%| O|  |TAMS 0x0000000083000000, 0x0000000082f00000| Untracked 
|  48|0x0000000083000000, 0x0000000083100000, 0x0000000083100000|100%| O|  |TAMS 0x0000000083100000, 0x0000000083000000| Untracked 
|  49|0x0000000083100000, 0x0000000083200000, 0x0000000083200000|100%| O|  |TAMS 0x0000000083200000, 0x0000000083100000| Untracked 
|  50|0x0000000083200000, 0x0000000083300000, 0x0000000083300000|100%| O|  |TAMS 0x0000000083300000, 0x0000000083200000| Untracked 
|  51|0x0000000083300000, 0x0000000083400000, 0x0000000083400000|100%| O|  |TAMS 0x0000000083400000, 0x0000000083300000| Untracked 
|  52|0x0000000083400000, 0x0000000083400000, 0x0000000083500000|  0%| F|  |TAMS 0x0000000083400000, 0x0000000083400000| Untracked 
|  53|0x0000000083500000, 0x0000000083600000, 0x0000000083600000|100%| O|  |TAMS 0x0000000083600000, 0x0000000083500000| Untracked 
|  54|0x0000000083600000, 0x0000000083700000, 0x0000000083700000|100%| O|  |TAMS 0x0000000083700000, 0x0000000083600000| Untracked 
|  55|0x0000000083700000, 0x0000000083800000, 0x0000000083800000|100%|HS|  |TAMS 0x0000000083800000, 0x0000000083700000| Complete 
|  56|0x0000000083800000, 0x0000000083900000, 0x0000000083900000|100%|HC|  |TAMS 0x0000000083900000, 0x0000000083800000| Complete 
|  57|0x0000000083900000, 0x0000000083a00000, 0x0000000083a00000|100%|HC|  |TAMS 0x0000000083a00000, 0x0000000083900000| Complete 
|  58|0x0000000083a00000, 0x0000000083b00000, 0x0000000083b00000|100%| O|  |TAMS 0x0000000083b00000, 0x0000000083a00000| Untracked 
|  59|0x0000000083b00000, 0x0000000083c00000, 0x0000000083c00000|100%| O|  |TAMS 0x0000000083c00000, 0x0000000083b00000| Untracked 
|  60|0x0000000083c00000, 0x0000000083d00000, 0x0000000083d00000|100%| O|  |TAMS 0x0000000083d00000, 0x0000000083c00000| Untracked 
|  61|0x0000000083d00000, 0x0000000083e00000, 0x0000000083e00000|100%| O|  |TAMS 0x0000000083e00000, 0x0000000083d00000| Untracked 
|  62|0x0000000083e00000, 0x0000000083f00000, 0x0000000083f00000|100%| O|  |TAMS 0x0000000083e42400, 0x0000000083e00000| Untracked 
|  63|0x0000000083f00000, 0x0000000084000000, 0x0000000084000000|100%| O|  |TAMS 0x0000000083f00000, 0x0000000083f00000| Untracked 
|  64|0x0000000084000000, 0x0000000084100000, 0x0000000084100000|100%| O|  |TAMS 0x0000000084000000, 0x0000000084000000| Untracked 
|  65|0x0000000084100000, 0x0000000084200000, 0x0000000084200000|100%| O|  |TAMS 0x0000000084100000, 0x0000000084100000| Untracked 
|  66|0x0000000084200000, 0x0000000084300000, 0x0000000084300000|100%| O|  |TAMS 0x0000000084200000, 0x0000000084200000| Untracked 
|  67|0x0000000084300000, 0x0000000084400000, 0x0000000084400000|100%|HS|  |TAMS 0x0000000084300000, 0x0000000084300000| Complete 
|  68|0x0000000084400000, 0x0000000084500000, 0x0000000084500000|100%|HS|  |TAMS 0x0000000084400000, 0x0000000084400000| Complete 
|  69|0x0000000084500000, 0x0000000084600000, 0x0000000084600000|100%|HS|  |TAMS 0x0000000084500000, 0x0000000084500000| Complete 
|  70|0x0000000084600000, 0x0000000084700000, 0x0000000084700000|100%|HS|  |TAMS 0x0000000084600000, 0x0000000084600000| Complete 
|  71|0x0000000084700000, 0x0000000084800000, 0x0000000084800000|100%| O|  |TAMS 0x0000000084700000, 0x0000000084700000| Untracked 
|  72|0x0000000084800000, 0x0000000084900000, 0x0000000084900000|100%| O|  |TAMS 0x0000000084800000, 0x0000000084800000| Untracked 
|  73|0x0000000084900000, 0x0000000084a00000, 0x0000000084a00000|100%| O|  |TAMS 0x0000000084900000, 0x0000000084900000| Untracked 
|  74|0x0000000084a00000, 0x0000000084b00000, 0x0000000084b00000|100%| O|  |TAMS 0x0000000084a00000, 0x0000000084a00000| Untracked 
|  75|0x0000000084b00000, 0x0000000084c00000, 0x0000000084c00000|100%| O|  |TAMS 0x0000000084b00000, 0x0000000084b00000| Untracked 
|  76|0x0000000084c00000, 0x0000000084d00000, 0x0000000084d00000|100%| O|  |TAMS 0x0000000084c00000, 0x0000000084c00000| Untracked 
|  77|0x0000000084d00000, 0x0000000084e00000, 0x0000000084e00000|100%| O|  |TAMS 0x0000000084d00000, 0x0000000084d00000| Untracked 
|  78|0x0000000084e00000, 0x0000000084f00000, 0x0000000084f00000|100%| O|  |TAMS 0x0000000084e00000, 0x0000000084e00000| Untracked 
|  79|0x0000000084f00000, 0x0000000085000000, 0x0000000085000000|100%| O|  |TAMS 0x0000000084f00000, 0x0000000084f00000| Untracked 
|  80|0x0000000085000000, 0x0000000085100000, 0x0000000085100000|100%| O|  |TAMS 0x0000000085000000, 0x0000000085000000| Untracked 
|  81|0x0000000085100000, 0x0000000085200000, 0x0000000085200000|100%| O|  |TAMS 0x0000000085100000, 0x0000000085100000| Untracked 
|  82|0x0000000085200000, 0x0000000085300000, 0x0000000085300000|100%| O|  |TAMS 0x0000000085200000, 0x0000000085200000| Untracked 
|  83|0x0000000085300000, 0x0000000085400000, 0x0000000085400000|100%| O|  |TAMS 0x0000000085300000, 0x0000000085300000| Untracked 
|  84|0x0000000085400000, 0x00000000854ac600, 0x0000000085500000| 67%| O|  |TAMS 0x0000000085400000, 0x0000000085400000| Untracked 
|  85|0x0000000085500000, 0x0000000085500000, 0x0000000085600000|  0%| F|  |TAMS 0x0000000085500000, 0x0000000085500000| Untracked 
|  86|0x0000000085600000, 0x0000000085600000, 0x0000000085700000|  0%| F|  |TAMS 0x0000000085600000, 0x0000000085600000| Untracked 
|  87|0x0000000085700000, 0x0000000085700000, 0x0000000085800000|  0%| F|  |TAMS 0x0000000085700000, 0x0000000085700000| Untracked 
|  88|0x0000000085800000, 0x0000000085800000, 0x0000000085900000|  0%| F|  |TAMS 0x0000000085800000, 0x0000000085800000| Untracked 
|  89|0x0000000085900000, 0x0000000085900000, 0x0000000085a00000|  0%| F|  |TAMS 0x0000000085900000, 0x0000000085900000| Untracked 
|  90|0x0000000085a00000, 0x0000000085a00000, 0x0000000085b00000|  0%| F|  |TAMS 0x0000000085a00000, 0x0000000085a00000| Untracked 
|  91|0x0000000085b00000, 0x0000000085b00000, 0x0000000085c00000|  0%| F|  |TAMS 0x0000000085b00000, 0x0000000085b00000| Untracked 
|  92|0x0000000085c00000, 0x0000000085c00000, 0x0000000085d00000|  0%| F|  |TAMS 0x0000000085c00000, 0x0000000085c00000| Untracked 
|  93|0x0000000085d00000, 0x0000000085d00000, 0x0000000085e00000|  0%| F|  |TAMS 0x0000000085d00000, 0x0000000085d00000| Untracked 
|  94|0x0000000085e00000, 0x0000000085e00000, 0x0000000085f00000|  0%| F|  |TAMS 0x0000000085e00000, 0x0000000085e00000| Untracked 
|  95|0x0000000085f00000, 0x0000000085f00000, 0x0000000086000000|  0%| F|  |TAMS 0x0000000085f00000, 0x0000000085f00000| Untracked 
|  96|0x0000000086000000, 0x0000000086000000, 0x0000000086100000|  0%| F|  |TAMS 0x0000000086000000, 0x0000000086000000| Untracked 
|  97|0x0000000086100000, 0x0000000086100000, 0x0000000086200000|  0%| F|  |TAMS 0x0000000086100000, 0x0000000086100000| Untracked 
|  98|0x0000000086200000, 0x0000000086200000, 0x0000000086300000|  0%| F|  |TAMS 0x0000000086200000, 0x0000000086200000| Untracked 
|  99|0x0000000086300000, 0x0000000086300000, 0x0000000086400000|  0%| F|  |TAMS 0x0000000086300000, 0x0000000086300000| Untracked 
| 100|0x0000000086400000, 0x0000000086400000, 0x0000000086500000|  0%| F|  |TAMS 0x0000000086400000, 0x0000000086400000| Untracked 
| 101|0x0000000086500000, 0x0000000086500000, 0x0000000086600000|  0%| F|  |TAMS 0x0000000086500000, 0x0000000086500000| Untracked 
| 102|0x0000000086600000, 0x0000000086600000, 0x0000000086700000|  0%| F|  |TAMS 0x0000000086600000, 0x0000000086600000| Untracked 
| 103|0x0000000086700000, 0x0000000086700000, 0x0000000086800000|  0%| F|  |TAMS 0x0000000086700000, 0x0000000086700000| Untracked 
| 104|0x0000000086800000, 0x0000000086800000, 0x0000000086900000|  0%| F|  |TAMS 0x0000000086800000, 0x0000000086800000| Untracked 
| 105|0x0000000086900000, 0x0000000086900000, 0x0000000086a00000|  0%| F|  |TAMS 0x0000000086900000, 0x0000000086900000| Untracked 
| 106|0x0000000086a00000, 0x0000000086a00000, 0x0000000086b00000|  0%| F|  |TAMS 0x0000000086a00000, 0x0000000086a00000| Untracked 
| 107|0x0000000086b00000, 0x0000000086b00000, 0x0000000086c00000|  0%| F|  |TAMS 0x0000000086b00000, 0x0000000086b00000| Untracked 
| 108|0x0000000086c00000, 0x0000000086c00000, 0x0000000086d00000|  0%| F|  |TAMS 0x0000000086c00000, 0x0000000086c00000| Untracked 
| 109|0x0000000086d00000, 0x0000000086d00000, 0x0000000086e00000|  0%| F|  |TAMS 0x0000000086d00000, 0x0000000086d00000| Untracked 
| 110|0x0000000086e00000, 0x0000000086e00000, 0x0000000086f00000|  0%| F|  |TAMS 0x0000000086e00000, 0x0000000086e00000| Untracked 
| 111|0x0000000086f00000, 0x0000000086f00000, 0x0000000087000000|  0%| F|  |TAMS 0x0000000086f00000, 0x0000000086f00000| Untracked 
| 112|0x0000000087000000, 0x0000000087000000, 0x0000000087100000|  0%| F|  |TAMS 0x0000000087000000, 0x0000000087000000| Untracked 
| 113|0x0000000087100000, 0x0000000087100000, 0x0000000087200000|  0%| F|  |TAMS 0x0000000087100000, 0x0000000087100000| Untracked 
| 114|0x0000000087200000, 0x0000000087200000, 0x0000000087300000|  0%| F|  |TAMS 0x0000000087200000, 0x0000000087200000| Untracked 
| 115|0x0000000087300000, 0x0000000087381010, 0x0000000087400000| 50%| E|  |TAMS 0x0000000087300000, 0x0000000087300000| Complete 
| 116|0x0000000087400000, 0x0000000087500000, 0x0000000087500000|100%| E|CS|TAMS 0x0000000087400000, 0x0000000087400000| Complete 
| 117|0x0000000087500000, 0x0000000087600000, 0x0000000087600000|100%| E|CS|TAMS 0x0000000087500000, 0x0000000087500000| Complete 
| 118|0x0000000087600000, 0x0000000087700000, 0x0000000087700000|100%| E|CS|TAMS 0x0000000087600000, 0x0000000087600000| Complete 
| 119|0x0000000087700000, 0x0000000087800000, 0x0000000087800000|100%| E|CS|TAMS 0x0000000087700000, 0x0000000087700000| Complete 
| 120|0x0000000087800000, 0x0000000087900000, 0x0000000087900000|100%| E|CS|TAMS 0x0000000087800000, 0x0000000087800000| Complete 
| 121|0x0000000087900000, 0x0000000087a00000, 0x0000000087a00000|100%| E|CS|TAMS 0x0000000087900000, 0x0000000087900000| Complete 
| 122|0x0000000087a00000, 0x0000000087b00000, 0x0000000087b00000|100%| E|CS|TAMS 0x0000000087a00000, 0x0000000087a00000| Complete 
| 123|0x0000000087b00000, 0x0000000087c00000, 0x0000000087c00000|100%| E|CS|TAMS 0x0000000087b00000, 0x0000000087b00000| Complete 
| 124|0x0000000087c00000, 0x0000000087d00000, 0x0000000087d00000|100%| E|CS|TAMS 0x0000000087c00000, 0x0000000087c00000| Complete 
| 125|0x0000000087d00000, 0x0000000087e00000, 0x0000000087e00000|100%| E|CS|TAMS 0x0000000087d00000, 0x0000000087d00000| Complete 
| 126|0x0000000087e00000, 0x0000000087f00000, 0x0000000087f00000|100%| E|CS|TAMS 0x0000000087e00000, 0x0000000087e00000| Complete 
| 127|0x0000000087f00000, 0x0000000088000000, 0x0000000088000000|100%| E|CS|TAMS 0x0000000087f00000, 0x0000000087f00000| Complete 
| 128|0x0000000088000000, 0x0000000088100000, 0x0000000088100000|100%| E|CS|TAMS 0x0000000088000000, 0x0000000088000000| Complete 
| 129|0x0000000088100000, 0x0000000088200000, 0x0000000088200000|100%| E|CS|TAMS 0x0000000088100000, 0x0000000088100000| Complete 
| 130|0x0000000088200000, 0x0000000088300000, 0x0000000088300000|100%| E|CS|TAMS 0x0000000088200000, 0x0000000088200000| Complete 
| 131|0x0000000088300000, 0x0000000088400000, 0x0000000088400000|100%| E|CS|TAMS 0x0000000088300000, 0x0000000088300000| Complete 
| 132|0x0000000088400000, 0x0000000088500000, 0x0000000088500000|100%| E|CS|TAMS 0x0000000088400000, 0x0000000088400000| Complete 
| 133|0x0000000088500000, 0x0000000088600000, 0x0000000088600000|100%| E|CS|TAMS 0x0000000088500000, 0x0000000088500000| Complete 
| 134|0x0000000088600000, 0x0000000088700000, 0x0000000088700000|100%| E|CS|TAMS 0x0000000088600000, 0x0000000088600000| Complete 
| 135|0x0000000088700000, 0x00000000887b2c60, 0x0000000088800000| 69%| S|CS|TAMS 0x0000000088700000, 0x0000000088700000| Complete 
| 136|0x0000000088800000, 0x0000000088900000, 0x0000000088900000|100%| E|CS|TAMS 0x0000000088800000, 0x0000000088800000| Complete 

Card table byte_map: [0x000002d61c2f0000,0x000002d61c6f0000] _byte_map_base: 0x000002d61bef0000

Marking Bits (Prev, Next): (CMBitMap*) 0x000002d609a69890, (CMBitMap*) 0x000002d609a69850
 Prev Bits: [0x000002d61eaf0000, 0x000002d620af0000)
 Next Bits: [0x000002d61caf0000, 0x000002d61eaf0000)

Polling page: 0x000002d6091e0000

Metaspace:

Usage:
  Non-class:     57.73 MB used.
      Class:      8.94 MB used.
       Both:     66.67 MB used.

Virtual space:
  Non-class space:       64.00 MB reserved,      58.12 MB ( 91%) committed,  1 nodes.
      Class space:        1.00 GB reserved,       9.25 MB ( <1%) committed,  1 nodes.
             Both:        1.06 GB reserved,      67.38 MB (  6%) committed. 

Chunk freelists:
   Non-Class:  5.17 MB
       Class:  6.66 MB
        Both:  11.83 MB

MaxMetaspaceSize: unlimited
CompressedClassSpaceSize: 1.00 GB
Initial GC threshold: 21.00 MB
Current GC threshold: 105.31 MB
CDS: off
MetaspaceReclaimPolicy: balanced
 - commit_granule_bytes: 65536.
 - commit_granule_words: 8192.
 - virtual_space_node_default_size: 8388608.
 - enlarge_chunks_in_place: 1.
 - new_chunks_are_fully_committed: 0.
 - uncommit_free_chunks: 1.
 - use_allocation_guard: 0.
 - handle_deallocations: 1.


Internal statistics:

num_allocs_failed_limit: 3.
num_arena_births: 756.
num_arena_deaths: 0.
num_vsnodes_births: 2.
num_vsnodes_deaths: 0.
num_space_committed: 1078.
num_space_uncommitted: 0.
num_chunks_returned_to_freelist: 3.
num_chunks_taken_from_freelist: 3029.
num_chunk_merges: 3.
num_chunk_splits: 1968.
num_chunks_enlarged: 1288.
num_inconsistent_stats: 0.

CodeHeap 'non-profiled nmethods': size=120000Kb used=2674Kb max_used=3397Kb free=117325Kb
 bounds [0x000002d6149c0000, 0x000002d614d20000, 0x000002d61bef0000]
CodeHeap 'profiled nmethods': size=120000Kb used=11025Kb max_used=12986Kb free=108975Kb
 bounds [0x000002d60cef0000, 0x000002d60dba0000, 0x000002d614420000]
CodeHeap 'non-nmethods': size=5760Kb used=2373Kb max_used=2398Kb free=3386Kb
 bounds [0x000002d614420000, 0x000002d614690000, 0x000002d6149c0000]
 total_blobs=6710 nmethods=5812 adapters=809
 compilation: enabled
              stopped_count=0, restarted_count=0
 full_count=0

Compilation events (20 events):
Event: 18.471 Thread 0x000002d622fc9770 nmethod 6758 0x000002d614a8b490 code [0x000002d614a8b660, 0x000002d614a8cc18]
Event: 18.471 Thread 0x000002d622fc9770 6757       4       jdk.internal.loader.URLClassPath$JarLoader$2::getCodeSigners (8 bytes)
Event: 18.473 Thread 0x000002d622fca070 6767       3       com.google.common.collect.ImmutableMap::of (4 bytes)
Event: 18.473 Thread 0x000002d622fca070 nmethod 6767 0x000002d60cef2d10 code [0x000002d60cef2ea0, 0x000002d60cef2f98]
Event: 18.474 Thread 0x000002d622fc9770 nmethod 6757 0x000002d614a07590 code [0x000002d614a07720, 0x000002d614a078e8]
Event: 18.474 Thread 0x000002d622fc9770 6708       4       java.lang.Class::annotationData (44 bytes)
Event: 18.552 Thread 0x000002d622fca070 6768 %     3       org.gradle.internal.instantiation.generator.AbstractClassGenerator::inspectType @ 517 (560 bytes)
Event: 18.557 Thread 0x000002d622fca070 nmethod 6768% 0x000002d60cff7090 code [0x000002d60cff7840, 0x000002d60cffc5e8]
Event: 18.558 Thread 0x000002d622fca070 6769       3       org.gradle.internal.instantiation.generator.AbstractClassGenerator::inspectType (560 bytes)
Event: 18.562 Thread 0x000002d622fca070 nmethod 6769 0x000002d60cfde190 code [0x000002d60cfde940, 0x000002d60cfe3468]
Event: 18.564 Thread 0x000002d622fca070 6770       3       org.gradle.internal.instantiation.generator.AbstractClassGenerator$DslMixInPropertyType::visitInstanceMethod (104 bytes)
Event: 18.565 Thread 0x000002d622fca070 nmethod 6770 0x000002d60cfa9910 code [0x000002d60cfa9b40, 0x000002d60cfaa518]
Event: 18.565 Thread 0x000002d622fca070 6771   !   3       java.util.concurrent.locks.AbstractQueuedSynchronizer::acquire (407 bytes)
Event: 18.568 Thread 0x000002d622fca070 nmethod 6771 0x000002d60d1c9d10 code [0x000002d60d1ca0a0, 0x000002d60d1cbc08]
Event: 18.570 Thread 0x000002d622fca070 6772       3       org.gradle.model.internal.asm.MethodVisitorScope::_IFNULL (9 bytes)
Event: 18.570 Thread 0x000002d622fca070 nmethod 6772 0x000002d60d1c3c90 code [0x000002d60d1c3e40, 0x000002d60d1c40a8]
Event: 18.698 Thread 0x000002d622fca070 6774       3       java.util.Calendar::setFieldsComputed (118 bytes)
Event: 18.699 Thread 0x000002d622fca070 nmethod 6774 0x000002d60d3d2810 code [0x000002d60d3d29e0, 0x000002d60d3d2e58]
Event: 18.719 Thread 0x000002d622fca070 6775       3       org.gradle.api.internal.provider.AbstractMinimalProvider::<init> (5 bytes)
Event: 18.719 Thread 0x000002d622fca070 nmethod 6775 0x000002d60cf58790 code [0x000002d60cf58920, 0x000002d60cf58a78]

GC Heap History (20 events):
Event: 10.772 GC heap before
{Heap before GC invocations=18 (full 0):
 garbage-first heap   total 92160K, used 61549K [0x0000000080000000, 0x0000000100000000)
  region size 1024K, 10 young (10240K), 3 survivors (3072K)
 Metaspace       used 42921K, committed 43264K, reserved 1114112K
  class space    used 5737K, committed 5888K, reserved 1048576K
}
Event: 10.777 GC heap after
{Heap after GC invocations=19 (full 0):
 garbage-first heap   total 92160K, used 56595K [0x0000000080000000, 0x0000000100000000)
  region size 1024K, 2 young (2048K), 2 survivors (2048K)
 Metaspace       used 42921K, committed 43264K, reserved 1114112K
  class space    used 5737K, committed 5888K, reserved 1048576K
}
Event: 11.276 GC heap before
{Heap before GC invocations=20 (full 0):
 garbage-first heap   total 107520K, used 80147K [0x0000000080000000, 0x0000000100000000)
  region size 1024K, 20 young (20480K), 2 survivors (2048K)
 Metaspace       used 45915K, committed 46400K, reserved 1114112K
  class space    used 6084K, committed 6336K, reserved 1048576K
}
Event: 11.282 GC heap after
{Heap after GC invocations=21 (full 0):
 garbage-first heap   total 107520K, used 57337K [0x0000000080000000, 0x0000000100000000)
  region size 1024K, 3 young (3072K), 3 survivors (3072K)
 Metaspace       used 45915K, committed 46400K, reserved 1114112K
  class space    used 6084K, committed 6336K, reserved 1048576K
}
Event: 11.971 GC heap before
{Heap before GC invocations=21 (full 0):
 garbage-first heap   total 107520K, used 82937K [0x0000000080000000, 0x0000000100000000)
  region size 1024K, 29 young (29696K), 3 survivors (3072K)
 Metaspace       used 47990K, committed 48576K, reserved 1114112K
  class space    used 6396K, committed 6656K, reserved 1048576K
}
Event: 11.979 GC heap after
{Heap after GC invocations=22 (full 0):
 garbage-first heap   total 107520K, used 59848K [0x0000000080000000, 0x0000000100000000)
  region size 1024K, 4 young (4096K), 4 survivors (4096K)
 Metaspace       used 47990K, committed 48576K, reserved 1114112K
  class space    used 6396K, committed 6656K, reserved 1048576K
}
Event: 12.093 GC heap before
{Heap before GC invocations=23 (full 0):
 garbage-first heap   total 109568K, used 65992K [0x0000000080000000, 0x0000000100000000)
  region size 1024K, 9 young (9216K), 4 survivors (4096K)
 Metaspace       used 48310K, committed 48832K, reserved 1114112K
  class space    used 6421K, committed 6656K, reserved 1048576K
}
Event: 12.100 GC heap after
{Heap after GC invocations=24 (full 0):
 garbage-first heap   total 109568K, used 64645K [0x0000000080000000, 0x0000000100000000)
  region size 1024K, 2 young (2048K), 2 survivors (2048K)
 Metaspace       used 48310K, committed 48832K, reserved 1114112K
  class space    used 6421K, committed 6656K, reserved 1048576K
}
Event: 12.641 GC heap before
{Heap before GC invocations=25 (full 0):
 garbage-first heap   total 116736K, used 88197K [0x0000000080000000, 0x0000000100000000)
  region size 1024K, 23 young (23552K), 2 survivors (2048K)
 Metaspace       used 50790K, committed 51328K, reserved 1114112K
  class space    used 6681K, committed 6912K, reserved 1048576K
}
Event: 12.646 GC heap after
{Heap after GC invocations=26 (full 0):
 garbage-first heap   total 116736K, used 65338K [0x0000000080000000, 0x0000000100000000)
  region size 1024K, 3 young (3072K), 3 survivors (3072K)
 Metaspace       used 50790K, committed 51328K, reserved 1114112K
  class space    used 6681K, committed 6912K, reserved 1048576K
}
Event: 13.371 GC heap before
{Heap before GC invocations=26 (full 0):
 garbage-first heap   total 116736K, used 90938K [0x0000000080000000, 0x0000000100000000)
  region size 1024K, 28 young (28672K), 3 survivors (3072K)
 Metaspace       used 52652K, committed 53248K, reserved 1114112K
  class space    used 7035K, committed 7296K, reserved 1048576K
}
Event: 13.377 GC heap after
{Heap after GC invocations=27 (full 0):
 garbage-first heap   total 140288K, used 66803K [0x0000000080000000, 0x0000000100000000)
  region size 1024K, 3 young (3072K), 3 survivors (3072K)
 Metaspace       used 52652K, committed 53248K, reserved 1114112K
  class space    used 7035K, committed 7296K, reserved 1048576K
}
Event: 14.948 GC heap before
{Heap before GC invocations=28 (full 0):
 garbage-first heap   total 140288K, used 109811K [0x0000000080000000, 0x0000000100000000)
  region size 1024K, 45 young (46080K), 3 survivors (3072K)
 Metaspace       used 56995K, committed 57664K, reserved 1114112K
  class space    used 7746K, committed 8064K, reserved 1048576K
}
Event: 14.963 GC heap after
{Heap after GC invocations=29 (full 0):
 garbage-first heap   total 140288K, used 69758K [0x0000000080000000, 0x0000000100000000)
  region size 1024K, 6 young (6144K), 6 survivors (6144K)
 Metaspace       used 56995K, committed 57664K, reserved 1114112K
  class space    used 7746K, committed 8064K, reserved 1048576K
}
Event: 16.924 GC heap before
{Heap before GC invocations=29 (full 0):
 garbage-first heap   total 140288K, used 109694K [0x0000000080000000, 0x0000000100000000)
  region size 1024K, 46 young (47104K), 6 survivors (6144K)
 Metaspace       used 64001K, committed 64704K, reserved 1114112K
  class space    used 8591K, committed 8896K, reserved 1048576K
}
Event: 16.941 GC heap after
{Heap after GC invocations=30 (full 0):
 garbage-first heap   total 140288K, used 74267K [0x0000000080000000, 0x0000000100000000)
  region size 1024K, 6 young (6144K), 6 survivors (6144K)
 Metaspace       used 64001K, committed 64704K, reserved 1114112K
  class space    used 8591K, committed 8896K, reserved 1048576K
}
Event: 18.139 GC heap before
{Heap before GC invocations=31 (full 0):
 garbage-first heap   total 140288K, used 116251K [0x0000000080000000, 0x0000000100000000)
  region size 1024K, 43 young (44032K), 6 survivors (6144K)
 Metaspace       used 66066K, committed 66752K, reserved 1114112K
  class space    used 8879K, committed 9216K, reserved 1048576K
}
Event: 18.151 GC heap after
{Heap after GC invocations=32 (full 0):
 garbage-first heap   total 140288K, used 85583K [0x0000000080000000, 0x0000000100000000)
  region size 1024K, 6 young (6144K), 6 survivors (6144K)
 Metaspace       used 66066K, committed 66752K, reserved 1114112K
  class space    used 8879K, committed 9216K, reserved 1048576K
}
Event: 18.173 GC heap before
{Heap before GC invocations=32 (full 0):
 garbage-first heap   total 140288K, used 86607K [0x0000000080000000, 0x0000000100000000)
  region size 1024K, 7 young (7168K), 6 survivors (6144K)
 Metaspace       used 66156K, committed 66816K, reserved 1114112K
  class space    used 8894K, committed 9216K, reserved 1048576K
}
Event: 18.178 GC heap after
{Heap after GC invocations=33 (full 0):
 garbage-first heap   total 140288K, used 86396K [0x0000000080000000, 0x0000000100000000)
  region size 1024K, 1 young (1024K), 1 survivors (1024K)
 Metaspace       used 66156K, committed 66816K, reserved 1114112K
  class space    used 8894K, committed 9216K, reserved 1048576K
}

Dll operation events (3 events):
Event: 0.032 Loaded shared library C:\Program Files\Android\Android Studio\jbr\bin\java.dll
Event: 0.409 Loaded shared library C:\Program Files\Android\Android Studio\jbr\bin\zip.dll
Event: 1.148 Loaded shared library C:\Program Files\Android\Android Studio\jbr\bin\verify.dll

Deoptimization events (20 events):
Event: 18.354 Thread 0x000002d62906b7a0 DEOPT PACKING pc=0x000002d614ca99e0 sp=0x000000fb70cf6520
Event: 18.354 Thread 0x000002d62906b7a0 DEOPT UNPACKING pc=0x000002d6144769a3 sp=0x000000fb70cf6438 mode 2
Event: 18.354 Thread 0x000002d62906b7a0 Uncommon trap: trap_request=0xffffffc6 fr.pc=0x000002d614ca99e0 relative=0x0000000000000960
Event: 18.354 Thread 0x000002d62906b7a0 Uncommon trap: reason=bimorphic_or_optimized_type_check action=maybe_recompile pc=0x000002d614ca99e0 method=java.io.BufferedInputStream.read1([BII)I @ 39 c2
Event: 18.354 Thread 0x000002d62906b7a0 DEOPT PACKING pc=0x000002d614ca99e0 sp=0x000000fb70cf6520
Event: 18.354 Thread 0x000002d62906b7a0 DEOPT UNPACKING pc=0x000002d6144769a3 sp=0x000000fb70cf6438 mode 2
Event: 18.354 Thread 0x000002d62906b7a0 Uncommon trap: trap_request=0xffffffc6 fr.pc=0x000002d614ca99e0 relative=0x0000000000000960
Event: 18.354 Thread 0x000002d62906b7a0 Uncommon trap: reason=bimorphic_or_optimized_type_check action=maybe_recompile pc=0x000002d614ca99e0 method=java.io.BufferedInputStream.read1([BII)I @ 39 c2
Event: 18.354 Thread 0x000002d62906b7a0 DEOPT PACKING pc=0x000002d614ca99e0 sp=0x000000fb70cf6520
Event: 18.354 Thread 0x000002d62906b7a0 DEOPT UNPACKING pc=0x000002d6144769a3 sp=0x000000fb70cf6438 mode 2
Event: 18.371 Thread 0x000002d62906b7a0 Uncommon trap: trap_request=0xffffffc6 fr.pc=0x000002d614ca99e0 relative=0x0000000000000960
Event: 18.371 Thread 0x000002d62906b7a0 Uncommon trap: reason=bimorphic_or_optimized_type_check action=maybe_recompile pc=0x000002d614ca99e0 method=java.io.BufferedInputStream.read1([BII)I @ 39 c2
Event: 18.372 Thread 0x000002d62906b7a0 DEOPT PACKING pc=0x000002d614ca99e0 sp=0x000000fb70cf6fd0
Event: 18.372 Thread 0x000002d62906b7a0 DEOPT UNPACKING pc=0x000002d6144769a3 sp=0x000000fb70cf6ee8 mode 2
Event: 18.372 Thread 0x000002d62906b7a0 Uncommon trap: trap_request=0xffffffde fr.pc=0x000002d614b45dfc relative=0x00000000000001bc
Event: 18.372 Thread 0x000002d62906b7a0 Uncommon trap: reason=class_check action=maybe_recompile pc=0x000002d614b45dfc method=java.io.BufferedInputStream.read1([BII)I @ 39 c2
Event: 18.372 Thread 0x000002d62906b7a0 DEOPT PACKING pc=0x000002d614b45dfc sp=0x000000fb70cf6f20
Event: 18.372 Thread 0x000002d62906b7a0 DEOPT UNPACKING pc=0x000002d6144769a3 sp=0x000000fb70cf6ed8 mode 2
Event: 18.410 Thread 0x000002d62906b7a0 DEOPT PACKING pc=0x000002d60da1b163 sp=0x000000fb70cf5de0
Event: 18.410 Thread 0x000002d62906b7a0 DEOPT UNPACKING pc=0x000002d614477143 sp=0x000000fb70cf52f0 mode 0

Classes unloaded (0 events):
No events

Classes redefined (0 events):
No events

Internal exceptions (20 events):
Event: 13.561 Thread 0x000002d62906b7a0 Exception <a 'java/lang/ClassNotFoundException'{0x000000008874a278}: org/jetbrains/plugins/gradle/model/DependencyAccessorsModelCustomizer> (0x000000008874a278) 
thrown [s\src\hotspot\share\classfile\systemDictionary.cpp, line 256]
Event: 13.738 Thread 0x000002d62906b7a0 Exception <a 'java/lang/ClassNotFoundException'{0x0000000087f3e110}: org/gradle/api/internal/project/DefaultProject_DecoratedBeanInfo> (0x0000000087f3e110) 
thrown [s\src\hotspot\share\classfile\systemDictionary.cpp, line 256]
Event: 13.738 Thread 0x000002d62906b7a0 Exception <a 'java/lang/ClassNotFoundException'{0x0000000087f4b048}: org/gradle/api/internal/project/DefaultProjectBeanInfo> (0x0000000087f4b048) 
thrown [s\src\hotspot\share\classfile\systemDictionary.cpp, line 256]
Event: 13.738 Thread 0x000002d62906b7a0 Exception <a 'java/lang/ClassNotFoundException'{0x0000000087f57fa8}: org/gradle/api/internal/project/DefaultProjectCustomizer> (0x0000000087f57fa8) 
thrown [s\src\hotspot\share\classfile\systemDictionary.cpp, line 256]
Event: 13.745 Thread 0x000002d62906b7a0 Exception <a 'java/lang/ClassNotFoundException'{0x0000000087e00aa0}: org/gradle/api/internal/project/DefaultProject_DecoratedCustomizer> (0x0000000087e00aa0) 
thrown [s\src\hotspot\share\classfile\systemDictionary.cpp, line 256]
Event: 13.995 Thread 0x000002d62906b7a0 Exception <a 'java/lang/NoSuchMethodError'{0x0000000087667490}: 'long java.lang.invoke.DirectMethodHandle$Holder.invokeStatic(java.lang.Object, long)'> (0x0000000087667490) 
thrown [s\src\hotspot\share\interpreter\linkResolver.cpp, line 771]
Event: 14.142 Thread 0x000002d62906b7a0 Exception <a 'java/lang/NoSuchMethodError'{0x000000008709e1c0}: 'java.lang.Object java.lang.invoke.DelegatingMethodHandle$Holder.reinvoke_L(java.lang.Object, java.lang.Object, java.lang.Object, java.lang.Object, java.lang.Object, java.lang.Object, java.lang.Object, java.lang.Object, java.lang.Object, java.lang.Object, java.lang.Object, java.lang.Object, java.lang.Object, java.lang.Object, java.lang.Object, java.lang.Object, java.lang.Object, java.lang.Object, java.lang.Object, java.lang.Object, java.lang.O
Event: 14.143 Thread 0x000002d62906b7a0 Exception <a 'java/lang/NoSuchMethodError'{0x00000000870a9998}: 'java.lang.Object java.lang.invoke.DirectMethodHandle$Holder.invokeSpecial(java.lang.Object, java.lang.Object, java.lang.Object, java.lang.Object, java.lang.Object, java.lang.Object, java.lang.Object, java.lang.Object, java.lang.Object, java.lang.Object, java.lang.Object, java.lang.Object, java.lang.Object, java.lang.Object, java.lang.Object, java.lang.Object, java.lang.Object, java.lang.Object, java.lang.Object, java.lang.Object, java.lang.Ob
Event: 14.144 Thread 0x000002d62906b7a0 Exception <a 'java/lang/NoSuchMethodError'{0x00000000870af5e0}: 'java.lang.Object java.lang.invoke.Invokers$Holder.invoker(java.lang.Object, java.lang.Object, java.lang.Object, java.lang.Object, java.lang.Object, java.lang.Object, java.lang.Object, java.lang.Object, java.lang.Object, java.lang.Object, java.lang.Object, java.lang.Object, java.lang.Object, java.lang.Object, java.lang.Object, java.lang.Object, java.lang.Object, java.lang.Object, java.lang.Object, java.lang.Object, java.lang.Object)'> (0x00000
Event: 14.144 Thread 0x000002d62906b7a0 Exception <a 'java/lang/NoSuchMethodError'{0x00000000870b5c40}: 'java.lang.Object java.lang.invoke.DelegatingMethodHandle$Holder.delegate(java.lang.Object, java.lang.Object, java.lang.Object, java.lang.Object, java.lang.Object, java.lang.Object, java.lang.Object, java.lang.Object, java.lang.Object, java.lang.Object, java.lang.Object, java.lang.Object, java.lang.Object, java.lang.Object, java.lang.Object, java.lang.Object, java.lang.Object, java.lang.Object, java.lang.Object, java.lang.Object, java.lang.Obj
Event: 14.339 Thread 0x000002d62906b7a0 Exception <a 'java/lang/NoSuchMethodError'{0x00000000867662c8}: 'int java.lang.invoke.DirectMethodHandle$Holder.invokeSpecialIFC(java.lang.Object, java.lang.Object, java.lang.Object)'> (0x00000000867662c8) 
thrown [s\src\hotspot\share\interpreter\linkResolver.cpp, line 771]
Event: 14.417 Thread 0x000002d62906b7a0 Exception <a 'java/lang/NoSuchMethodError'{0x0000000086330de8}: 'java.lang.Object java.lang.invoke.DirectMethodHandle$Holder.newInvokeSpecial(java.lang.Object, java.lang.Object, java.lang.Object, java.lang.Object, java.lang.Object, int)'> (0x0000000086330de8) 
thrown [s\src\hotspot\share\interpreter\linkResolver.cpp, line 771]
Event: 14.417 Thread 0x000002d62906b7a0 Exception <a 'java/lang/NoSuchMethodError'{0x0000000086336440}: 'java.lang.Object java.lang.invoke.DirectMethodHandle$Holder.invokeSpecial(java.lang.Object, java.lang.Object, java.lang.Object, java.lang.Object, java.lang.Object, java.lang.Object, int)'> (0x0000000086336440) 
thrown [s\src\hotspot\share\interpreter\linkResolver.cpp, line 771]
Event: 14.469 Thread 0x000002d62906b7a0 Exception <a 'java/lang/NoSuchMethodError'{0x00000000863e8518}: 'void java.lang.invoke.DirectMethodHandle$Holder.invokeStatic(java.lang.Object, java.lang.Object, java.lang.Object, int, java.lang.Object)'> (0x00000000863e8518) 
thrown [s\src\hotspot\share\interpreter\linkResolver.cpp, line 771]
Event: 15.380 Thread 0x000002d62906b7a0 Implicit null exception at 0x000002d614a145f2 to 0x000002d614a14bd8
Event: 15.478 Thread 0x000002d62906b7a0 Exception <a 'sun/nio/fs/WindowsException'{0x00000000881d1a38}> (0x00000000881d1a38) 
thrown [s\src\hotspot\share\prims\jni.cpp, line 517]
Event: 18.058 Thread 0x000002d62906b7a0 Exception <a 'java/lang/NoSuchMethodError'{0x00000000867b3270}: 'java.lang.Object java.lang.invoke.DirectMethodHandle$Holder.newInvokeSpecial(java.lang.Object, java.lang.Object, java.lang.Object, java.lang.Object, int)'> (0x00000000867b3270) 
thrown [s\src\hotspot\share\interpreter\linkResolver.cpp, line 771]
Event: 18.059 Thread 0x000002d62906b7a0 Exception <a 'java/lang/NoSuchMethodError'{0x00000000867b86b8}: 'java.lang.Object java.lang.invoke.DirectMethodHandle$Holder.invokeSpecial(java.lang.Object, java.lang.Object, java.lang.Object, java.lang.Object, java.lang.Object, int)'> (0x00000000867b86b8) 
thrown [s\src\hotspot\share\interpreter\linkResolver.cpp, line 771]
Event: 18.060 Thread 0x000002d62906b7a0 Exception <a 'java/lang/NoSuchMethodError'{0x00000000867bd438}: 'java.lang.Object java.lang.invoke.Invokers$Holder.linkToTargetMethod(java.lang.Object, java.lang.Object, java.lang.Object, int, java.lang.Object)'> (0x00000000867bd438) 
thrown [s\src\hotspot\share\interpreter\linkResolver.cpp, line 771]
Event: 18.467 Thread 0x000002d62906b7a0 Exception <a 'java/lang/NoSuchMethodError'{0x0000000087af7798}: 'int java.lang.invoke.DirectMethodHandle$Holder.invokeInterface(java.lang.Object, java.lang.Object, java.lang.Object, java.lang.Object)'> (0x0000000087af7798) 
thrown [s\src\hotspot\share\interpreter\linkResolver.cpp, line 771]

VM Operations (20 events):
Event: 17.119 Executing VM operation: G1Concurrent
Event: 17.120 Executing VM operation: G1Concurrent done
Event: 18.015 Executing VM operation: HandshakeAllThreads
Event: 18.015 Executing VM operation: HandshakeAllThreads done
Event: 18.035 Executing VM operation: HandshakeAllThreads
Event: 18.035 Executing VM operation: HandshakeAllThreads done
Event: 18.043 Executing VM operation: ICBufferFull
Event: 18.044 Executing VM operation: ICBufferFull done
Event: 18.055 Executing VM operation: HandshakeAllThreads
Event: 18.055 Executing VM operation: HandshakeAllThreads done
Event: 18.110 Executing VM operation: HandshakeAllThreads
Event: 18.110 Executing VM operation: HandshakeAllThreads done
Event: 18.139 Executing VM operation: G1CollectForAllocation
Event: 18.152 Executing VM operation: G1CollectForAllocation done
Event: 18.173 Executing VM operation: G1CollectForAllocation
Event: 18.178 Executing VM operation: G1CollectForAllocation done
Event: 18.449 Executing VM operation: HandshakeAllThreads
Event: 18.449 Executing VM operation: HandshakeAllThreads done
Event: 18.466 Executing VM operation: HandshakeAllThreads
Event: 18.466 Executing VM operation: HandshakeAllThreads done

Events (20 events):
Event: 18.068 Thread 0x000002d6232a9c20 flushing nmethod 0x000002d60da63d90
Event: 18.068 Thread 0x000002d6232a9c20 flushing nmethod 0x000002d60da64190
Event: 18.068 Thread 0x000002d6232a9c20 flushing nmethod 0x000002d60da64810
Event: 18.068 Thread 0x000002d6232a9c20 flushing nmethod 0x000002d60da8dd10
Event: 18.068 Thread 0x000002d6232a9c20 flushing nmethod 0x000002d60da93b90
Event: 18.068 Thread 0x000002d6232a9c20 flushing nmethod 0x000002d60da94b90
Event: 18.068 Thread 0x000002d6232a9c20 flushing nmethod 0x000002d60dac1390
Event: 18.068 Thread 0x000002d6232a9c20 flushing nmethod 0x000002d60dacff90
Event: 18.068 Thread 0x000002d6232a9c20 flushing nmethod 0x000002d60dad2510
Event: 18.069 Thread 0x000002d6232a9c20 flushing nmethod 0x000002d60db7bd10
Event: 18.102 loading class sun/reflect/ReflectionFactory
Event: 18.102 loading class sun/reflect/ReflectionFactory done
Event: 18.102 loading class sun/reflect/ReflectionFactory$1
Event: 18.102 loading class sun/reflect/ReflectionFactory$1 done
Event: 18.304 loading class java/util/concurrent/atomic/AtomicIntegerArray
Event: 18.304 loading class java/util/concurrent/atomic/AtomicIntegerArray done
Event: 18.307 loading class java/util/Currency
Event: 18.308 loading class java/util/Currency done
Event: 18.334 loading class java/util/concurrent/atomic/AtomicLongArray
Event: 18.334 loading class java/util/concurrent/atomic/AtomicLongArray done


Dynamic libraries:
0x00007ff784780000 - 0x00007ff78478a000 	C:\Program Files\Android\Android Studio\jbr\bin\java.exe
0x00007ff8791c0000 - 0x00007ff8793c9000 	C:\WINDOWS\SYSTEM32\ntdll.dll
0x00007ff878c90000 - 0x00007ff878d4d000 	C:\WINDOWS\System32\KERNEL32.DLL
0x00007ff876650000 - 0x00007ff8769d4000 	C:\WINDOWS\System32\KERNELBASE.dll
0x00007ff876af0000 - 0x00007ff876c01000 	C:\WINDOWS\System32\ucrtbase.dll
0x00007ff867220000 - 0x00007ff867237000 	C:\Program Files\Android\Android Studio\jbr\bin\jli.dll
0x00007ff8659e0000 - 0x00007ff8659fb000 	C:\Program Files\Android\Android Studio\jbr\bin\VCRUNTIME140.dll
0x00007ff8780c0000 - 0x00007ff87826d000 	C:\WINDOWS\System32\USER32.dll
0x00007ff876cd0000 - 0x00007ff876cf6000 	C:\WINDOWS\System32\win32u.dll
0x00007ff875860000 - 0x00007ff875b05000 	C:\WINDOWS\WinSxS\amd64_microsoft.windows.common-controls_6595b64144ccf1df_6.0.22000.120_none_9d947278b86cc467\COMCTL32.dll
0x00007ff878540000 - 0x00007ff8785e3000 	C:\WINDOWS\System32\msvcrt.dll
0x00007ff878270000 - 0x00007ff87829a000 	C:\WINDOWS\System32\GDI32.dll
0x00007ff876ef0000 - 0x00007ff87700e000 	C:\WINDOWS\System32\gdi32full.dll
0x00007ff876a50000 - 0x00007ff876aed000 	C:\WINDOWS\System32\msvcp_win.dll
0x00007ff877080000 - 0x00007ff8770b1000 	C:\WINDOWS\System32\IMM32.DLL
0x00007ff869b00000 - 0x00007ff869b0c000 	C:\Program Files\Android\Android Studio\jbr\bin\vcruntime140_1.dll
0x00007ff84b350000 - 0x00007ff84b3dd000 	C:\Program Files\Android\Android Studio\jbr\bin\msvcp140.dll
0x00007ff8448e0000 - 0x00007ff845560000 	C:\Program Files\Android\Android Studio\jbr\bin\server\jvm.dll
0x00007ff878010000 - 0x00007ff8780be000 	C:\WINDOWS\System32\ADVAPI32.dll
0x00007ff8783b0000 - 0x00007ff87844e000 	C:\WINDOWS\System32\sechost.dll
0x00007ff877550000 - 0x00007ff877671000 	C:\WINDOWS\System32\RPCRT4.dll
0x00007ff873100000 - 0x00007ff87310a000 	C:\WINDOWS\SYSTEM32\VERSION.dll
0x00007ff867380000 - 0x00007ff8673b3000 	C:\WINDOWS\SYSTEM32\WINMM.dll
0x00007ff874a40000 - 0x00007ff874a49000 	C:\WINDOWS\SYSTEM32\WSOCK32.dll
0x00007ff8784d0000 - 0x00007ff87853f000 	C:\WINDOWS\System32\WS2_32.dll
0x00007ff874880000 - 0x00007ff874898000 	C:\WINDOWS\SYSTEM32\kernel.appcore.dll
0x00007ff86fc10000 - 0x00007ff86fc1a000 	C:\Program Files\Android\Android Studio\jbr\bin\jimage.dll
0x00007ff875f90000 - 0x00007ff8761b1000 	C:\WINDOWS\SYSTEM32\DBGHELP.DLL
0x00007ff875cd0000 - 0x00007ff875d01000 	C:\WINDOWS\SYSTEM32\dbgcore.DLL
0x00007ff876e70000 - 0x00007ff876eef000 	C:\WINDOWS\System32\bcryptPrimitives.dll
0x00007ff869a90000 - 0x00007ff869a9e000 	C:\Program Files\Android\Android Studio\jbr\bin\instrument.dll
0x00007ff868db0000 - 0x00007ff868dd5000 	C:\Program Files\Android\Android Studio\jbr\bin\java.dll
0x00007ff86d060000 - 0x00007ff86d078000 	C:\Program Files\Android\Android Studio\jbr\bin\zip.dll
0x00007ff877830000 - 0x00007ff877ff5000 	C:\WINDOWS\System32\SHELL32.dll
0x00007ff873870000 - 0x00007ff8740d2000 	C:\WINDOWS\SYSTEM32\windows.storage.dll
0x00007ff8771d0000 - 0x00007ff877546000 	C:\WINDOWS\System32\combase.dll
0x00007ff873700000 - 0x00007ff873867000 	C:\WINDOWS\SYSTEM32\wintypes.dll
0x00007ff8770e0000 - 0x00007ff8771ca000 	C:\WINDOWS\System32\SHCORE.dll
0x00007ff878f30000 - 0x00007ff878f8d000 	C:\WINDOWS\System32\shlwapi.dll
0x00007ff876580000 - 0x00007ff8765a5000 	C:\WINDOWS\SYSTEM32\profapi.dll
0x00007ff869c40000 - 0x00007ff869c59000 	C:\Program Files\Android\Android Studio\jbr\bin\net.dll
0x00007ff86e600000 - 0x00007ff86e714000 	C:\WINDOWS\SYSTEM32\WINHTTP.dll
0x00007ff875680000 - 0x00007ff8756e7000 	C:\WINDOWS\system32\mswsock.dll
0x00007ff869b90000 - 0x00007ff869ba6000 	C:\Program Files\Android\Android Studio\jbr\bin\nio.dll
0x00007ff86a740000 - 0x00007ff86a750000 	C:\Program Files\Android\Android Studio\jbr\bin\verify.dll
0x00007ff869b10000 - 0x00007ff869b37000 	C:\Users\mehre\.gradle\native\68d5fa5c4cc2d200863cafc0d521ce42e7d3e7ee720ec0a83991735586a16f82\windows-amd64\native-platform.dll
0x00007ff849340000 - 0x00007ff849484000 	C:\Users\mehre\.gradle\native\e376f236ea51e6404a007f0833ffe2c6e607c4080706a723a18a27aeea778392\windows-amd64\native-platform-file-events.dll
0x00007ff869af0000 - 0x00007ff869af9000 	C:\Program Files\Android\Android Studio\jbr\bin\management.dll
0x00007ff869ae0000 - 0x00007ff869aeb000 	C:\Program Files\Android\Android Studio\jbr\bin\management_ext.dll
0x00007ff878d60000 - 0x00007ff878d68000 	C:\WINDOWS\System32\PSAPI.DLL
0x00007ff8762f0000 - 0x00007ff876308000 	C:\WINDOWS\SYSTEM32\CRYPTSP.dll
0x00007ff8747e0000 - 0x00007ff874815000 	C:\WINDOWS\system32\rsaenh.dll
0x00007ff8757a0000 - 0x00007ff8757cc000 	C:\WINDOWS\SYSTEM32\USERENV.dll
0x00007ff875f20000 - 0x00007ff875f47000 	C:\WINDOWS\SYSTEM32\bcrypt.dll
0x00007ff875630000 - 0x00007ff87563c000 	C:\WINDOWS\SYSTEM32\CRYPTBASE.dll
0x00007ff8743e0000 - 0x00007ff87440d000 	C:\WINDOWS\SYSTEM32\IPHLPAPI.DLL
0x00007ff878000000 - 0x00007ff878009000 	C:\WINDOWS\System32\NSI.dll
0x00007ff86e260000 - 0x00007ff86e279000 	C:\WINDOWS\SYSTEM32\dhcpcsvc6.DLL
0x00007ff86e980000 - 0x00007ff86e99e000 	C:\WINDOWS\SYSTEM32\dhcpcsvc.DLL
0x00007ff874410000 - 0x00007ff8744f7000 	C:\WINDOWS\SYSTEM32\DNSAPI.dll
0x00007ff86cfe0000 - 0x00007ff86cfe8000 	C:\WINDOWS\system32\wshunix.dll
0x00007ff864cb0000 - 0x00007ff864cba000 	C:\Windows\System32\rasadhlp.dll
0x00007ff86bd80000 - 0x00007ff86be01000 	C:\WINDOWS\System32\fwpuclnt.dll

dbghelp: loaded successfully - version: 4.0.5 - missing functions: none
symbol engine: initialized successfully - sym options: 0x614 - pdb path: .;C:\Program Files\Android\Android Studio\jbr\bin;C:\WINDOWS\SYSTEM32;C:\WINDOWS\WinSxS\amd64_microsoft.windows.common-controls_6595b64144ccf1df_6.0.22000.120_none_9d947278b86cc467;C:\Program Files\Android\Android Studio\jbr\bin\server;C:\Users\mehre\.gradle\native\68d5fa5c4cc2d200863cafc0d521ce42e7d3e7ee720ec0a83991735586a16f82\windows-amd64;C:\Users\mehre\.gradle\native\e376f236ea51e6404a007f0833ffe2c6e607c4080706a723a18a27aeea778392\windows-amd64

VM Arguments:
jvm_args: --add-opens=java.base/java.util=ALL-UNNAMED --add-opens=java.base/java.lang=ALL-UNNAMED --add-opens=java.base/java.lang.invoke=ALL-UNNAMED --add-opens=java.prefs/java.util.prefs=ALL-UNNAMED --add-opens=java.base/java.nio.charset=ALL-UNNAMED --add-opens=java.base/java.net=ALL-UNNAMED --add-opens=java.base/java.util.concurrent.atomic=ALL-UNNAMED -Xmx2048m -Dfile.encoding=UTF-8 -Duser.country=US -Duser.language=en -Duser.variant -javaagent:C:\Users\mehre\.gradle\wrapper\dists\gradle-8.2-bin\bbg7u40eoinfdyxsxr3z4i7ta\gradle-8.2\lib\agents\gradle-instrumentation-agent-8.2.jar 
java_command: org.gradle.launcher.daemon.bootstrap.GradleDaemon 8.2
java_class_path (initial): C:\Users\mehre\.gradle\wrapper\dists\gradle-8.2-bin\bbg7u40eoinfdyxsxr3z4i7ta\gradle-8.2\lib\gradle-launcher-8.2.jar
Launcher Type: SUN_STANDARD

[Global flags]
     intx CICompilerCount                          = 3                                         {product} {ergonomic}
     uint ConcGCThreads                            = 1                                         {product} {ergonomic}
     uint G1ConcRefinementThreads                  = 4                                         {product} {ergonomic}
   size_t G1HeapRegionSize                         = 1048576                                   {product} {ergonomic}
    uintx GCDrainStackTargetSize                   = 64                                        {product} {ergonomic}
   size_t InitialHeapSize                          = 67108864                                  {product} {ergonomic}
   size_t MarkStackSize                            = 4194304                                   {product} {ergonomic}
   size_t MaxHeapSize                              = 2147483648                                {product} {command line}
   size_t MaxNewSize                               = 1287651328                                {product} {ergonomic}
   size_t MinHeapDeltaBytes                        = 1048576                                   {product} {ergonomic}
   size_t MinHeapSize                              = 8388608                                   {product} {ergonomic}
    uintx NonNMethodCodeHeapSize                   = 5832780                                {pd product} {ergonomic}
    uintx NonProfiledCodeHeapSize                  = 122912730                              {pd product} {ergonomic}
    uintx ProfiledCodeHeapSize                     = 122912730                              {pd product} {ergonomic}
    uintx ReservedCodeCacheSize                    = 251658240                              {pd product} {ergonomic}
     bool SegmentedCodeCache                       = true                                      {product} {ergonomic}
   size_t SoftMaxHeapSize                          = 2147483648                             {manageable} {ergonomic}
     bool UseCompressedClassPointers               = true                           {product lp64_product} {ergonomic}
     bool UseCompressedOops                        = true                           {product lp64_product} {ergonomic}
     bool UseG1GC                                  = true                                      {product} {ergonomic}
     bool UseLargePagesIndividualAllocation        = false                                  {pd product} {ergonomic}

Logging:
Log output configuration:
 #0: stdout all=warning uptime,level,tags
 #1: stderr all=off uptime,level,tags

Environment Variables:
PATH=C:\WINDOWS\system32;C:\WINDOWS;C:\WINDOWS\System32\Wbem;C:\WINDOWS\System32\WindowsPowerShell\v1.0\;C:\WINDOWS\System32\OpenSSH\;C:\Program Files\Git\cmd;C:\Users\mehre\AppData\Roaming\Microsoft\Windows\Start Menu\Programs\Python 3.12;C:\Users\mehre\AppData\Local\Programs\Python\Python312\Scripts\;C:\Users\mehre\AppData\Local\Programs\Python\Python312\;C:\Users\mehre\AppData\Local\Programs\Python\Launcher\;C:\Users\mehre\AppData\Local\Microsoft\WindowsApps;;C:\Users\mehre\AppData\Local\Programs\Microsoft VS Code\bin;D:\JetBrains\WebStorm 2023.3.1\bin;
USERNAME=mehre
OS=Windows_NT
PROCESSOR_IDENTIFIER=Intel64 Family 6 Model 69 Stepping 1, GenuineIntel
TMP=C:\Users\mehre\AppData\Local\Temp
TEMP=C:\Users\mehre\AppData\Local\Temp


JNI global refs:
JNI global refs: 25, weak refs: 1

JNI global refs memory usage: 843, weak refs: 841

OOME stack traces (most recent first):
Classloader memory used:
Loader org.gradle.internal.classloader.VisitableURLClassLoader                         : 3545K
Loader bootstrap                                                                       : 3070K
Loader org.gradle.initialization.MixInLegacyTypesClassLoader                           : 1170K
Loader org.gradle.internal.classloader.VisitableURLClassLoader$InstrumentingVisitableURLClassLoader: 506K
Loader jdk.internal.loader.ClassLoaders$PlatformClassLoader                            : 98758B
Loader org.gradle.internal.classloader.VisitableURLClassLoader                         : 73822B
Loader jdk.internal.reflect.DelegatingClassLoader                                      : 33913B
Loader jdk.internal.loader.ClassLoaders$AppClassLoader                                 : 28352B
Loader org.gradle.groovy.scripts.internal.DefaultScriptCompilationHandler$ScriptClassLoader: 11552B
Loader org.codehaus.groovy.runtime.callsite.CallSiteClassLoader                        : 6718B

Classes loaded by more than one classloader:
Class Program                                                                         : loaded 4 times (x 72B)
Class org.gradle.internal.Cast                                                        : loaded 3 times (x 69B)
Class org.gradle.api.GradleException                                                  : loaded 3 times (x 80B)
Class org.jetbrains.plugins.gradle.model.MavenRepositoryModel                         : loaded 2 times (x 68B)
Class [Lcom.google.common.collect.AbstractMapEntry;                                   : loaded 2 times (x 67B)
Class com.google.common.collect.SingletonImmutableList                                : loaded 2 times (x 167B)
Class org.gradle.internal.classpath.ClassPath                                         : loaded 2 times (x 68B)
Class org.gradle.api.internal.classpath.DefaultModuleRegistry                         : loaded 2 times (x 84B)
Class Settings_gradle$1$1                                                             : loaded 2 times (x 72B)
Class com.google.common.collect.ListMultimap                                          : loaded 2 times (x 68B)
Class com.google.common.base.CharMatcher$JavaDigit                                    : loaded 2 times (x 109B)
Class com.google.common.base.CharMatcher$Digit                                        : loaded 2 times (x 110B)
Class com.google.common.collect.AbstractMultimap                                      : loaded 2 times (x 121B)
Class com.intellij.openapi.externalSystem.model.ExternalSystemException               : loaded 2 times (x 84B)
Class org.gradle.api.Action                                                           : loaded 2 times (x 68B)
Class org.jetbrains.kotlin.idea.gradleTooling.model.samWithReceiver.SamWithReceiverModel: loaded 2 times (x 68B)
Class com.google.common.collect.ImmutableEntry                                        : loaded 2 times (x 80B)
Class com.google.common.collect.Lists$StringAsImmutableList                           : loaded 2 times (x 167B)
Class org.jetbrains.plugins.gradle.model.ExternalProject                              : loaded 2 times (x 68B)
Class org.jetbrains.plugins.gradle.model.IntelliJSettings                             : loaded 2 times (x 68B)
Class com.google.common.base.CharMatcher                                              : loaded 2 times (x 109B)
Class com.google.common.base.CharMatcher$IsNot                                        : loaded 2 times (x 109B)
Class com.google.common.base.Splitter                                                 : loaded 2 times (x 70B)
Class com.google.common.collect.Iterators$ArrayItr                                    : loaded 2 times (x 95B)
Class org.jetbrains.kotlin.idea.gradleTooling.KotlinMPPGradleModel                    : loaded 2 times (x 68B)
Class org.gradle.api.internal.DefaultClassPathProvider                                : loaded 2 times (x 74B)
Class org.gradle.internal.installation.GradleInstallation$1                           : loaded 2 times (x 73B)
Class com.google.common.base.CharMatcher$BitSetMatcher                                : loaded 2 times (x 110B)
Class com.google.common.collect.ImmutableMap$IteratorBasedImmutableMap                : loaded 2 times (x 123B)
Class org.gradle.internal.exceptions.DefaultMultiCauseException                       : loaded 2 times (x 85B)
Class com.google.common.collect.ImmutableMap                                          : loaded 2 times (x 118B)
Class com.google.common.base.Converter                                                : loaded 2 times (x 88B)
Class org.gradle.tooling.model.UnsupportedMethodException                             : loaded 2 times (x 80B)
Class com.google.common.collect.ImmutableSet$EmptySetBuilderImpl                      : loaded 2 times (x 74B)
Class ijinit_3fnexgm03dwkuwmotgklm39ik                                                : loaded 2 times (x 177B)
Class org.gradle.internal.time.MonotonicClock                                         : loaded 2 times (x 75B)
Class com.google.common.base.Predicate                                                : loaded 2 times (x 68B)
Class org.gradle.internal.classloader.FilteringClassLoader                            : loaded 2 times (x 102B)
Class com.google.common.collect.RegularImmutableSet                                   : loaded 2 times (x 146B)
Class org.gradle.tooling.model.Model                                                  : loaded 2 times (x 68B)
Class org.gradle.internal.classpath.DefaultClassPath$ImmutableUniqueList$Builder      : loaded 2 times (x 73B)
Class com.google.common.collect.Maps$8                                                : loaded 2 times (x 80B)
Class com.google.common.base.CharMatcher$InRange                                      : loaded 2 times (x 109B)
Class org.jetbrains.kotlin.idea.gradleTooling.KotlinSourceSetContainer                : loaded 2 times (x 68B)
Class com.google.common.collect.BiMap                                                 : loaded 2 times (x 68B)
Class com.google.common.collect.Lists                                                 : loaded 2 times (x 69B)
Class com.google.common.math.IntMath$1                                                : loaded 2 times (x 69B)
Class org.gradle.internal.classloader.ClassLoaderVisitor                              : loaded 2 times (x 74B)
Class com.google.common.math.MathPreconditions                                        : loaded 2 times (x 69B)
Class org.gradle.internal.time.DefaultCountdownTimer                                  : loaded 2 times (x 86B)
Class org.gradle.internal.service.DefaultServiceLocator                               : loaded 2 times (x 81B)
Class org.gradle.internal.service.UnknownServiceException                             : loaded 2 times (x 81B)
Class com.google.common.collect.ArrayListMultimap                                     : loaded 2 times (x 170B)
Class org.jetbrains.plugins.gradle.model.DependencyAccessorsModel                     : loaded 2 times (x 68B)
Class org.gradle.internal.classloader.DefaultClassLoaderFactory                       : loaded 2 times (x 80B)
Class com.google.common.collect.UnmodifiableIterator                                  : loaded 2 times (x 78B)
Class com.google.common.base.CharMatcher$SingleWidth                                  : loaded 2 times (x 110B)
Class com.google.common.collect.Hashing                                               : loaded 2 times (x 69B)
Class org.jetbrains.plugins.gradle.model.GradleExtensions                             : loaded 2 times (x 68B)
Class sync_studio_tooling1278_4fapomxn3jq6ivholpvzdsdox$_run_closure1                 : loaded 2 times (x 134B)
Class com.google.common.base.JdkPattern                                               : loaded 2 times (x 73B)
Class com.google.common.collect.Multimap                                              : loaded 2 times (x 68B)
Class org.jetbrains.plugins.gradle.model.VersionCatalogsModel                         : loaded 2 times (x 68B)
Class org.gradle.internal.classloader.VisitableURLClassLoader$Spec                    : loaded 2 times (x 72B)
Class org.gradle.tooling.model.ProjectModel                                           : loaded 2 times (x 68B)
Class com.google.common.collect.Iterators$MergingIterator                             : loaded 2 times (x 79B)
Class com.google.common.base.CharMatcher$JavaLetterOrDigit                            : loaded 2 times (x 109B)
Class org.gradle.tooling.internal.gradle.DefaultProjectIdentifier                     : loaded 2 times (x 84B)
Class org.gradle.api.internal.classpath.ModuleRegistry                                : loaded 2 times (x 68B)
Class com.google.common.collect.ImmutableCollection                                   : loaded 2 times (x 123B)
Class org.jetbrains.plugins.gradle.model.RepositoriesModel                            : loaded 2 times (x 68B)
Class kotlin.jvm.internal.markers.KMappedMarker                                       : loaded 2 times (x 68B)
Class org.gradle.api.internal.ClassPathProvider                                       : loaded 2 times (x 68B)
Class com.google.common.collect.RegularImmutableMap$Values                            : loaded 2 times (x 167B)
Class org.gradle.util.GradleVersion                                                   : loaded 2 times (x 81B)
Class com.google.common.collect.ImmutableEnumMap                                      : loaded 2 times (x 123B)
Class com.google.common.collect.ImmutableList$ReverseImmutableList                    : loaded 2 times (x 168B)
Class org.gradle.internal.classloader.ClassLoaderFactory                              : loaded 2 times (x 68B)
Class com.google.common.collect.ObjectArrays                                          : loaded 2 times (x 69B)
Class com.google.common.collect.Iterators$10                                          : loaded 2 times (x 79B)
Class com.google.common.collect.ImmutableList                                         : loaded 2 times (x 166B)
Class org.gradle.api.internal.classpath.ManifestUtil                                  : loaded 2 times (x 69B)
Class org.gradle.api.specs.Spec                                                       : loaded 2 times (x 68B)
Class com.google.common.base.CharMatcher$Whitespace                                   : loaded 2 times (x 110B)
Class org.gradle.tooling.internal.gradle.GradleBuildIdentity                          : loaded 2 times (x 68B)
Class com.google.common.collect.Iterators$1                                           : loaded 2 times (x 79B)
Class com.google.common.collect.Iterators$4                                           : loaded 2 times (x 80B)
Class com.google.common.collect.RegularImmutableMap$BucketOverflowException           : loaded 2 times (x 80B)
Class com.google.common.collect.Iterators$5                                           : loaded 2 times (x 80B)
Class com.google.common.base.Preconditions                                            : loaded 2 times (x 69B)
Class com.google.common.base.Function                                                 : loaded 2 times (x 68B)
Class com.google.common.collect.Iterators$9                                           : loaded 2 times (x 79B)
Class org.gradle.internal.IoActions                                                   : loaded 2 times (x 69B)
Class com.google.common.collect.RegularImmutableMap$KeySet                            : loaded 2 times (x 148B)
Class com.google.common.collect.CollectPreconditions                                  : loaded 2 times (x 69B)
Class com.google.common.collect.Maps                                                  : loaded 2 times (x 69B)
Class com.google.common.collect.RegularImmutableMap                                   : loaded 2 times (x 119B)
Class com.google.common.collect.AbstractIndexedListIterator                           : loaded 2 times (x 94B)
Class com.google.common.base.CharMatcher$None                                         : loaded 2 times (x 110B)
Class org.gradle.api.internal.classpath.EffectiveClassPath                            : loaded 2 times (x 88B)
Class com.google.common.collect.UnmodifiableListIterator                              : loaded 2 times (x 93B)
Class kotlin.jvm.internal.DefaultConstructorMarker                                    : loaded 2 times (x 69B)
Class com.google.common.collect.ImmutableList$1                                       : loaded 2 times (x 95B)
Class com.google.common.base.Splitter$Strategy                                        : loaded 2 times (x 68B)
Class com.google.common.collect.ImmutableMapEntrySet$RegularEntrySet                  : loaded 2 times (x 149B)
Class [Lcom.google.common.collect.ImmutableMapEntry;                                  : loaded 2 times (x 67B)
Class org.jetbrains.kotlin.idea.gradleTooling.model.annotation.AnnotationBasedPluginModel: loaded 2 times (x 68B)
Class org.jetbrains.kotlin.idea.gradleTooling.model.assignment.AssignmentModel        : loaded 2 times (x 68B)
Class org.gradle.internal.installation.CurrentGradleInstallation                      : loaded 2 times (x 71B)
Class org.gradle.internal.agents.InstrumentingClassLoader                             : loaded 2 times (x 68B)
Class org.gradle.internal.installation.CurrentGradleInstallationLocator               : loaded 2 times (x 69B)
Class org.gradle.api.internal.classpath.Module                                        : loaded 2 times (x 68B)
Class com.google.common.base.Splitter$1$1                                             : loaded 2 times (x 84B)
Class com.google.common.collect.ImmutableSet$JdkBackedSetBuilderImpl                  : loaded 2 times (x 74B)
Class com.google.common.collect.ImmutableSet$RegularSetBuilderImpl                    : loaded 2 times (x 75B)
Class org.gradle.internal.service.CachingServiceLocator                               : loaded 2 times (x 80B)
Class org.gradle.internal.time.Timer                                                  : loaded 2 times (x 68B)
Class [Lcom.google.common.collect.ImmutableEntry;                                     : loaded 2 times (x 67B)
Class org.jetbrains.plugins.gradle.model.tests.ExternalTestsModel                     : loaded 2 times (x 68B)
Class org.jetbrains.kotlin.idea.gradleTooling.KotlinDslScriptAdditionalTask           : loaded 2 times (x 68B)
Class org.gradle.internal.classpath.DefaultClassPath                                  : loaded 2 times (x 88B)
Class com.google.common.base.Splitter$SplittingIterator                               : loaded 2 times (x 82B)
Class com.intellij.openapi.externalSystem.model.project.dependencies.ProjectDependencies: loaded 2 times (x 68B)
Class org.jetbrains.kotlin.idea.gradleTooling.PrepareKotlinIdeImportTaskModel         : loaded 2 times (x 68B)
Class org.gradle.internal.impldep.com.google.common.base.Preconditions                : loaded 2 times (x 69B)
Class kotlin.jvm.functions.Function1                                                  : loaded 2 times (x 68B)
Class com.google.common.base.CharMatcher$Is                                           : loaded 2 times (x 109B)
Class com.google.common.collect.RegularImmutableAsList                                : loaded 2 times (x 176B)
Class com.google.common.collect.PeekingIterator                                       : loaded 2 times (x 68B)
Class org.gradle.internal.time.Time                                                   : loaded 2 times (x 69B)
Class org.gradle.internal.time.TimeSource$1                                           : loaded 2 times (x 75B)
Class com.google.common.collect.ImmutableMapEntrySet                                  : loaded 2 times (x 149B)
Class com.google.common.collect.ImmutableBiMapFauxverideShim                          : loaded 2 times (x 118B)
Class org.gradle.internal.classloader.SystemClassLoaderSpec                           : loaded 2 times (x 69B)
Class com.google.common.collect.SingletonImmutableSet                                 : loaded 2 times (x 144B)
Class [Lcom.google.common.base.AbstractIterator$State;                                : loaded 2 times (x 67B)
Class com.google.common.collect.ImmutableMap$Builder                                  : loaded 2 times (x 80B)
Class com.google.common.base.AbstractIterator                                         : loaded 2 times (x 78B)
Class com.google.common.base.AbstractIterator$1                                       : loaded 2 times (x 69B)
Class kotlin.Function                                                                 : loaded 2 times (x 68B)
Class com.google.common.collect.Iterators                                             : loaded 2 times (x 69B)
Class com.google.common.base.CharMatcher$1                                            : loaded 2 times (x 111B)
Class com.google.common.base.CharMatcher$Ascii                                        : loaded 2 times (x 110B)
Class org.gradle.api.UncheckedIOException                                             : loaded 2 times (x 80B)
Class com.google.common.base.CharMatcher$And                                          : loaded 2 times (x 110B)
Class com.google.common.collect.IndexedImmutableSet                                   : loaded 2 times (x 148B)
Class com.google.common.collect.AbstractListMultimap                                  : loaded 2 times (x 170B)
Class com.google.common.base.CharMatcher$Any                                          : loaded 2 times (x 110B)
Class org.gradle.internal.classloader.ClasspathUtil$1                                 : loaded 2 times (x 74B)
Class com.google.common.collect.ArrayListMultimapGwtSerializationDependencies         : loaded 2 times (x 170B)
Class com.google.common.base.CharMatcher$RangesMatcher                                : loaded 2 times (x 110B)
Class org.gradle.tooling.internal.gradle.GradleProjectIdentity                        : loaded 2 times (x 68B)
Class com.google.common.collect.ImmutableList$SubList                                 : loaded 2 times (x 168B)
Class org.gradle.internal.time.CountdownTimer                                         : loaded 2 times (x 68B)
Class org.gradle.internal.time.Clock                                                  : loaded 2 times (x 68B)
Class org.gradle.internal.classloader.ClasspathUtil                                   : loaded 2 times (x 69B)
Class org.gradle.tooling.model.BuildIdentifier                                        : loaded 2 times (x 68B)
Class com.google.common.base.Splitter$1                                               : loaded 2 times (x 75B)
Class com.google.common.collect.Maps$BiMapConverter                                   : loaded 2 times (x 88B)
Class org.gradle.api.internal.DefaultClassPathRegistry                                : loaded 2 times (x 74B)
Class com.google.common.collect.ImmutableSet$SetBuilderImpl                           : loaded 2 times (x 74B)
Class org.gradle.api.internal.classpath.DefaultModuleRegistry$DefaultModule           : loaded 2 times (x 84B)
Class com.google.common.base.CharMatcher$JavaIsoControl                               : loaded 2 times (x 110B)
Class com.google.common.collect.ImmutableMap$1                                        : loaded 2 times (x 79B)
Class com.google.common.base.CharMatcher$Or                                           : loaded 2 times (x 110B)
Class org.gradle.internal.time.TimeSource                                             : loaded 2 times (x 68B)
Class com.google.common.collect.Iterables                                             : loaded 2 times (x 69B)
Class org.jetbrains.kotlin.android.synthetic.idea.AndroidExtensionsGradleModel        : loaded 2 times (x 68B)
Class com.google.common.base.CharMatcher$JavaLowerCase                                : loaded 2 times (x 109B)
Class org.gradle.api.internal.classpath.UnknownModuleException                        : loaded 2 times (x 80B)
Class com.google.common.collect.Maps$EntryTransformer                                 : loaded 2 times (x 68B)
Class com.google.common.collect.ImmutableCollection$Builder                           : loaded 2 times (x 74B)
Class com.google.common.base.CommonPattern                                            : loaded 2 times (x 72B)
Class org.jetbrains.plugins.gradle.model.IntelliJProjectSettings                      : loaded 2 times (x 68B)
Class org.gradle.internal.service.ServiceLookupException                              : loaded 2 times (x 80B)
Class org.gradle.cache.GlobalCache                                                    : loaded 2 times (x 68B)
Class org.jetbrains.kotlin.idea.gradleTooling.model.lombok.LombokModel                : loaded 2 times (x 68B)
Class org.gradle.tooling.model.ProjectIdentifier                                      : loaded 2 times (x 68B)
Class com.google.common.base.CharMatcher$NegatedFastMatcher                           : loaded 2 times (x 111B)
Class [Lorg.gradle.api.internal.ClassPathProvider;                                    : loaded 2 times (x 67B)
Class org.gradle.internal.operations.MultipleBuildOperationFailures                   : loaded 2 times (x 85B)
Class org.gradle.util.internal.GUtil                                                  : loaded 2 times (x 69B)
Class org.jetbrains.plugins.gradle.model.AnnotationProcessingModel                    : loaded 2 times (x 68B)
Class com.google.common.math.IntMath                                                  : loaded 2 times (x 69B)
Class com.google.common.collect.AbstractIterator                                      : loaded 2 times (x 80B)
Class org.gradle.internal.classloader.ClassLoaderSpec                                 : loaded 2 times (x 69B)
Class com.google.common.base.NullnessCasts                                            : loaded 2 times (x 69B)
Class com.google.common.collect.AbstractMapEntry                                      : loaded 2 times (x 79B)
Class com.google.common.base.CharMatcher$Negated                                      : loaded 2 times (x 111B)
Class org.jetbrains.plugins.gradle.model.BuildScriptClasspathModel                    : loaded 2 times (x 68B)
Class com.google.common.collect.ImmutableSet$Builder                                  : loaded 2 times (x 83B)
Class com.google.common.base.CharMatcher$ForPredicate                                 : loaded 2 times (x 110B)
Class com.google.common.collect.ImmutableMap$MapViewOfValuesAsSingletonSets           : loaded 2 times (x 123B)
Class com.google.common.collect.SortedMapDifference                                   : loaded 2 times (x 68B)
Class org.gradle.internal.classloader.VisitableURLClassLoader                         : loaded 2 times (x 114B)
Class com.google.common.collect.ImmutableBiMap                                        : loaded 2 times (x 141B)
Class org.gradle.internal.installation.GradleInstallation                             : loaded 2 times (x 73B)
Class org.gradle.api.internal.ClassPathRegistry                                       : loaded 2 times (x 68B)
Class com.google.common.collect.ImmutableSet                                          : loaded 2 times (x 143B)
Class org.gradle.internal.classloader.VisitableURLClassLoader$InstrumentingVisitableURLClassLoader: loaded 2 times (x 120B)
Class org.gradle.internal.classloader.ClassLoaderHierarchy                            : loaded 2 times (x 68B)
Class org.gradle.internal.exceptions.MultiCauseException                              : loaded 2 times (x 68B)
Class org.jetbrains.kotlin.idea.gradleTooling.model.parcelize.ParcelizeGradleModel    : loaded 2 times (x 68B)
Class com.google.common.base.AbstractIterator$State                                   : loaded 2 times (x 77B)
Class com.google.common.base.CharMatcher$NamedFastMatcher                             : loaded 2 times (x 110B)
Class org.gradle.internal.InternalTransformer                                         : loaded 2 times (x 68B)
Class org.jetbrains.kotlin.idea.gradleTooling.model.noarg.NoArgModel                  : loaded 2 times (x 68B)
Class org.jetbrains.kotlin.idea.gradleTooling.KotlinGradleModel                       : loaded 2 times (x 68B)
Class org.gradle.tooling.internal.gradle.DefaultBuildIdentifier                       : loaded 2 times (x 77B)
Class org.gradle.internal.service.ServiceLocator                                      : loaded 2 times (x 68B)
Class Settings_gradle$1                                                               : loaded 2 times (x 72B)
Class com.google.common.collect.ImmutableMapEntry                                     : loaded 2 times (x 83B)
Class org.jetbrains.kotlin.idea.gradleTooling.model.allopen.AllOpenModel              : loaded 2 times (x 68B)
Class com.google.common.base.CharMatcher$Invisible                                    : loaded 2 times (x 110B)
Class com.google.common.base.CharMatcher$FastMatcher                                  : loaded 2 times (x 109B)
Class org.gradle.internal.classpath.DefaultClassPath$ImmutableUniqueList              : loaded 2 times (x 159B)
Class org.gradle.internal.time.DefaultTimer                                           : loaded 2 times (x 78B)
Class com.google.common.base.CharMatcher$JavaLetter                                   : loaded 2 times (x 109B)
Class org.gradle.internal.classpath.TransformedClassPath                              : loaded 2 times (x 94B)
Class com.google.common.collect.MapDifference                                         : loaded 2 times (x 68B)
Class Settings_gradle                                                                 : loaded 2 times (x 126B)
Class com.google.common.collect.Platform                                              : loaded 2 times (x 69B)
Class com.google.common.collect.ImmutableAsList                                       : loaded 2 times (x 169B)
Class com.google.common.base.CharMatcher$AnyOf                                        : loaded 2 times (x 110B)
Class com.google.common.base.CharMatcher$IsEither                                     : loaded 2 times (x 109B)
Class sync_studio_tooling1278_4fapomxn3jq6ivholpvzdsdox                               : loaded 2 times (x 177B)
Class com.google.common.collect.RegularImmutableList                                  : loaded 2 times (x 172B)
Class com.google.common.base.CharMatcher$JavaUpperCase                                : loaded 2 times (x 109B)
Class com.google.common.collect.Multiset                                              : loaded 2 times (x 68B)
Class com.google.common.collect.ImmutableSet$CachingAsList                            : loaded 2 times (x 145B)
Class com.google.common.collect.ImmutableMapEntry$NonTerminalImmutableMapEntry        : loaded 2 times (x 83B)
Class com.google.common.collect.AbstractMapBasedMultimap                              : loaded 2 times (x 137B)


---------------  S Y S T E M  ---------------

OS:
 Windows 11 , 64 bit Build 22000 (10.0.22000.2538)
OS uptime: 1 days 22:13 hours

CPU: total 4 (initial active 4) (2 cores per cpu, 2 threads per core) family 6 model 69 stepping 1 microcode 0x26, cx8, cmov, fxsr, ht, mmx, sse, sse2, sse3, ssse3, sse4.1, sse4.2, popcnt, lzcnt, tsc, tscinvbit, avx, avx2, aes, erms, clmul, bmi1, bmi2, fma, vzeroupper, clflush

Memory: 4k page, system-wide physical 3993M (272M free)
TotalPageFile size 11430M (AvailPageFile size 4M)
current process WorkingSet (physical memory assigned to process): 284M, peak: 294M
current process commit charge ("private bytes"): 352M, peak: 356M

vm_info: OpenJDK 64-Bit Server VM (17.0.7+0-b2043.56-10550314) for windows-amd64 JRE (17.0.7+0-b2043.56-10550314), built on Jul 24 2023 18:27:45 by "androidbuild" with MS VC++ 16.10 / 16.11 (VS2019)

END.
