#
# There is insufficient memory for the Java Runtime Environment to continue.
# Native memory allocation (mmap) failed to map 235929600 bytes for G1 virtual space
# Possible reasons:
#   The system is out of physical RAM or swap space
#   The process is running with CompressedOops enabled, and the Java Heap may be blocking the growth of the native heap
# Possible solutions:
#   Reduce memory load on the system
#   Increase physical memory or swap space
#   Check if swap backing store is full
#   Decrease Java heap size (-Xmx/-Xms)
#   Decrease number of Java threads
#   Decrease Java thread stack sizes (-Xss)
#   Set larger code cache with -XX:ReservedCodeCacheSize=
#   JVM is running with Unscaled Compressed Oops mode in which the Java heap is
#     placed in the first 4GB address space. The Java Heap base address is the
#     maximum limit for the native heap growth. Please use -XX:HeapBaseMinAddress
#     to set the Java Heap base and to place the Java Heap above 4GB virtual address.
# This output file may be truncated or incomplete.
#
#  Out of Memory Error (os_windows.cpp:3771), pid=12016, tid=12276
#
# JRE version: OpenJDK Runtime Environment (17.0.7) (build 17.0.7+0-b2043.56-10550314)
# Java VM: OpenJDK 64-Bit Server VM (17.0.7+0-b2043.56-10550314, mixed mode, tiered, compressed oops, compressed class ptrs, g1 gc, windows-amd64)
# No core dump will be written. Minidumps are not enabled by default on client versions of Windows
#

---------------  S U M M A R Y ------------

Command Line: --add-opens=java.base/java.util=ALL-UNNAMED --add-opens=java.base/java.lang=ALL-UNNAMED --add-opens=java.base/java.lang.invoke=ALL-UNNAMED --add-opens=java.prefs/java.util.prefs=ALL-UNNAMED --add-opens=java.base/java.nio.charset=ALL-UNNAMED --add-opens=java.base/java.net=ALL-UNNAMED --add-opens=java.base/java.util.concurrent.atomic=ALL-UNNAMED -Xmx2048m -Dfile.encoding=UTF-8 -Duser.country=US -Duser.language=en -Duser.variant -javaagent:C:\Users\mehre\.gradle\wrapper\dists\gradle-8.2-bin\bbg7u40eoinfdyxsxr3z4i7ta\gradle-8.2\lib\agents\gradle-instrumentation-agent-8.2.jar org.gradle.launcher.daemon.bootstrap.GradleDaemon 8.2

Host: Intel(R) Core(TM) i5-4300U CPU @ 1.90GHz, 4 cores, 3G,  Windows 11 , 64 bit Build 22000 (10.0.22000.2538)
Time: Wed Jan 10 18:28:42 2024 Pakistan Standard Time elapsed time: 27.466388 seconds (0d 0h 0m 27s)

---------------  T H R E A D  ---------------

Current thread (0x0000022252a9a010):  VMThread "VM Thread" [stack: 0x0000003d5b800000,0x0000003d5b900000] [id=12276]

Stack: [0x0000003d5b800000,0x0000003d5b900000]
Native frames: (J=compiled Java code, j=interpreted, Vv=VM code, C=native code)
V  [jvm.dll+0x683bfa]
V  [jvm.dll+0x8430a4]
V  [jvm.dll+0x8449be]
V  [jvm.dll+0x845023]
V  [jvm.dll+0x24ad2f]
V  [jvm.dll+0x680ac9]
V  [jvm.dll+0x67519a]
V  [jvm.dll+0x30b3cb]
V  [jvm.dll+0x312876]
V  [jvm.dll+0x36221e]
V  [jvm.dll+0x36244f]
V  [jvm.dll+0x2e14a8]
V  [jvm.dll+0x2df684]
V  [jvm.dll+0x2dec8c]
V  [jvm.dll+0x32382b]
V  [jvm.dll+0x8496eb]
V  [jvm.dll+0x84a424]
V  [jvm.dll+0x84a93d]
V  [jvm.dll+0x84ad14]
V  [jvm.dll+0x84ade0]
V  [jvm.dll+0x7f2aea]
V  [jvm.dll+0x682a35]
C  [ucrtbase.dll+0x26c0c]
C  [KERNEL32.DLL+0x153e0]
C  [ntdll.dll+0x485b]

VM_Operation (0x0000003d5cff4be0): G1CollectForAllocation, mode: safepoint, requested by thread 0x0000022258a5ef80


---------------  P R O C E S S  ---------------

Threads class SMR info:
_java_thread_list=0x000002225a2a4940, length=40, elements={
0x000002223950b700, 0x0000022252a9fe70, 0x0000022252aa0ce0, 0x0000022257008070,
0x000002225700c6b0, 0x000002225700e720, 0x000002225700f870, 0x00000222570142a0,
0x00000222570154e0, 0x0000022257016670, 0x00000222570d9690, 0x000002225722c090,
0x0000022258801e70, 0x0000022258473950, 0x00000222589bd840, 0x0000022258a84b60,
0x0000022258a63810, 0x0000022258a64dc0, 0x0000022258a5ef80, 0x0000022258814530,
0x0000022258815870, 0x0000022258814a00, 0x00000222588166e0, 0x0000022258817080,
0x0000022258816210, 0x0000022258815d40, 0x0000022258817550, 0x00000222588153a0,
0x0000022258816bb0, 0x0000022258814ed0, 0x0000022258817a20, 0x00000222594995f0,
0x0000022259498780, 0x000002225949cfb0, 0x000002225949c610, 0x0000022259499ac0,
0x000002225949cae0, 0x000002225949d950, 0x00000222594965d0, 0x0000022259497440
}

Java Threads: ( => current thread )
  0x000002223950b700 JavaThread "main" [_thread_blocked, id=12256, stack(0x0000003d5b200000,0x0000003d5b300000)]
  0x0000022252a9fe70 JavaThread "Reference Handler" daemon [_thread_blocked, id=9964, stack(0x0000003d5b900000,0x0000003d5ba00000)]
  0x0000022252aa0ce0 JavaThread "Finalizer" daemon [_thread_blocked, id=2344, stack(0x0000003d5ba00000,0x0000003d5bb00000)]
  0x0000022257008070 JavaThread "Signal Dispatcher" daemon [_thread_blocked, id=13404, stack(0x0000003d5bc00000,0x0000003d5bd00000)]
  0x000002225700c6b0 JavaThread "Attach Listener" daemon [_thread_blocked, id=4948, stack(0x0000003d5bd00000,0x0000003d5be00000)]
  0x000002225700e720 JavaThread "Service Thread" daemon [_thread_blocked, id=5096, stack(0x0000003d5be00000,0x0000003d5bf00000)]
  0x000002225700f870 JavaThread "Monitor Deflation Thread" daemon [_thread_blocked, id=2744, stack(0x0000003d5bf00000,0x0000003d5c000000)]
  0x00000222570142a0 JavaThread "C2 CompilerThread0" daemon [_thread_in_native, id=13532, stack(0x0000003d5c000000,0x0000003d5c100000)]
  0x00000222570154e0 JavaThread "C1 CompilerThread0" daemon [_thread_blocked, id=7320, stack(0x0000003d5c100000,0x0000003d5c200000)]
  0x0000022257016670 JavaThread "Sweeper thread" daemon [_thread_blocked, id=1992, stack(0x0000003d5c200000,0x0000003d5c300000)]
  0x00000222570d9690 JavaThread "Common-Cleaner" daemon [_thread_blocked, id=17224, stack(0x0000003d5c300000,0x0000003d5c400000)]
  0x000002225722c090 JavaThread "Notification Thread" daemon [_thread_blocked, id=12088, stack(0x0000003d5c400000,0x0000003d5c500000)]
  0x0000022258801e70 JavaThread "Daemon health stats" [_thread_blocked, id=15248, stack(0x0000003d5c900000,0x0000003d5ca00000)]
  0x0000022258473950 JavaThread "Incoming local TCP Connector on port 49791" [_thread_in_native, id=6624, stack(0x0000003d5ca00000,0x0000003d5cb00000)]
  0x00000222589bd840 JavaThread "Daemon periodic checks" [_thread_blocked, id=2268, stack(0x0000003d5cb00000,0x0000003d5cc00000)]
  0x0000022258a84b60 JavaThread "Daemon" [_thread_blocked, id=5396, stack(0x0000003d5cc00000,0x0000003d5cd00000)]
  0x0000022258a63810 JavaThread "Handler for socket connection from /127.0.0.1:49791 to /127.0.0.1:49792" [_thread_in_native, id=1436, stack(0x0000003d5cd00000,0x0000003d5ce00000)]
  0x0000022258a64dc0 JavaThread "Cancel handler" [_thread_blocked, id=7612, stack(0x0000003d5ce00000,0x0000003d5cf00000)]
  0x0000022258a5ef80 JavaThread "Daemon worker" [_thread_blocked, id=6452, stack(0x0000003d5cf00000,0x0000003d5d000000)]
  0x0000022258814530 JavaThread "Asynchronous log dispatcher for DefaultDaemonConnection: socket connection from /127.0.0.1:49791 to /127.0.0.1:49792" [_thread_blocked, id=11360, stack(0x0000003d5d000000,0x0000003d5d100000)]
  0x0000022258815870 JavaThread "Stdin handler" [_thread_blocked, id=11408, stack(0x0000003d5d100000,0x0000003d5d200000)]
  0x0000022258814a00 JavaThread "Daemon client event forwarder" [_thread_blocked, id=15200, stack(0x0000003d5d200000,0x0000003d5d300000)]
  0x00000222588166e0 JavaThread "Cache worker for journal cache (C:\Users\mehre\.gradle\caches\journal-1)" [_thread_blocked, id=9728, stack(0x0000003d5d300000,0x0000003d5d400000)]
  0x0000022258817080 JavaThread "File lock request listener" [_thread_in_native, id=6932, stack(0x0000003d5d400000,0x0000003d5d500000)]
  0x0000022258816210 JavaThread "Cache worker for file hash cache (C:\Users\mehre\.gradle\caches\8.2\fileHashes)" [_thread_blocked, id=1924, stack(0x0000003d5d500000,0x0000003d5d600000)]
  0x0000022258815d40 JavaThread "File watcher server" daemon [_thread_in_native, id=7228, stack(0x0000003d5d600000,0x0000003d5d700000)]
  0x0000022258817550 JavaThread "File watcher consumer" daemon [_thread_blocked, id=7236, stack(0x0000003d5d700000,0x0000003d5d800000)]
  0x00000222588153a0 JavaThread "jar transforms" [_thread_blocked, id=7148, stack(0x0000003d5d800000,0x0000003d5d900000)]
  0x0000022258816bb0 JavaThread "jar transforms Thread 2" [_thread_blocked, id=6040, stack(0x0000003d5d900000,0x0000003d5da00000)]
  0x0000022258814ed0 JavaThread "jar transforms Thread 3" [_thread_blocked, id=10180, stack(0x0000003d5da00000,0x0000003d5db00000)]
  0x0000022258817a20 JavaThread "jar transforms Thread 4" [_thread_blocked, id=8060, stack(0x0000003d5db00000,0x0000003d5dc00000)]
  0x00000222594995f0 JavaThread "Cache worker for checksums cache (C:\Users\mehre\AndroidStudioProjects\book\.gradle\8.2\checksums)" [_thread_blocked, id=2796, stack(0x0000003d5dc00000,0x0000003d5dd00000)]
  0x0000022259498780 JavaThread "Cache worker for cache directory md-rule (C:\Users\mehre\.gradle\caches\8.2\md-rule)" [_thread_blocked, id=6060, stack(0x0000003d5dd00000,0x0000003d5de00000)]
  0x000002225949cfb0 JavaThread "Cache worker for file content cache (C:\Users\mehre\.gradle\caches\8.2\fileContent)" [_thread_blocked, id=8044, stack(0x0000003d5de00000,0x0000003d5df00000)]
  0x000002225949c610 JavaThread "Cache worker for file hash cache (C:\Users\mehre\AndroidStudioProjects\book\.gradle\8.2\fileHashes)" [_thread_blocked, id=3236, stack(0x0000003d5df00000,0x0000003d5e000000)]
  0x0000022259499ac0 JavaThread "Cache worker for cache directory md-supplier (C:\Users\mehre\.gradle\caches\8.2\md-supplier)" [_thread_blocked, id=14552, stack(0x0000003d5e000000,0x0000003d5e100000)]
  0x000002225949cae0 JavaThread "Cache worker for execution history cache (C:\Users\mehre\.gradle\caches\8.2\executionHistory)" [_thread_blocked, id=16584, stack(0x0000003d5e100000,0x0000003d5e200000)]
  0x000002225949d950 JavaThread "Cache worker for kotlin-dsl (C:\Users\mehre\.gradle\caches\8.2\kotlin-dsl)" [_thread_blocked, id=15956, stack(0x0000003d5e200000,0x0000003d5e300000)]
  0x00000222594965d0 JavaThread "Cache worker for dependencies-accessors (C:\Users\mehre\AndroidStudioProjects\book\.gradle\8.2\dependencies-accessors)" [_thread_blocked, id=7596, stack(0x0000003d5e300000,0x0000003d5e400000)]
  0x0000022259497440 JavaThread "Cache worker for Build Output Cleanup Cache (C:\Users\mehre\AndroidStudioProjects\book\.gradle\buildOutputCleanup)" [_thread_blocked, id=9368, stack(0x0000003d5e400000,0x0000003d5e500000)]

Other Threads:
=>0x0000022252a9a010 VMThread "VM Thread" [stack: 0x0000003d5b800000,0x0000003d5b900000] [id=12276]
  0x000002223950d580 WatcherThread [stack: 0x0000003d5c500000,0x0000003d5c600000] [id=14236]
  0x0000022239568bd0 GCTaskThread "GC Thread#0" [stack: 0x0000003d5b300000,0x0000003d5b400000] [id=5660]
  0x000002225749af10 GCTaskThread "GC Thread#1" [stack: 0x0000003d5c600000,0x0000003d5c700000] [id=16020]
  0x00000222575b9ae0 GCTaskThread "GC Thread#2" [stack: 0x0000003d5c700000,0x0000003d5c800000] [id=5720]
  0x00000222573263b0 GCTaskThread "GC Thread#3" [stack: 0x0000003d5c800000,0x0000003d5c900000] [id=14180]
  0x0000022239579b10 ConcurrentGCThread "G1 Main Marker" [stack: 0x0000003d5b400000,0x0000003d5b500000] [id=3496]
  0x000002223957a520 ConcurrentGCThread "G1 Conc#0" [stack: 0x0000003d5b500000,0x0000003d5b600000] [id=8720]
  0x00000222395c7130 ConcurrentGCThread "G1 Refine#0" [stack: 0x0000003d5b600000,0x0000003d5b700000] [id=14068]
  0x00000222395c7b50 ConcurrentGCThread "G1 Service" [stack: 0x0000003d5b700000,0x0000003d5b800000] [id=15820]

Threads with active compile tasks:
C2 CompilerThread0    27525 5953       4       java.security.CodeSource::<init> (52 bytes)

VM state: at safepoint (normal execution)

VM Mutex/Monitor currently owned by a thread:  ([mutex/lock_event])
[0x0000022239506db0] Threads_lock - owner thread: 0x0000022252a9a010
[0x0000022239507bc0] Heap_lock - owner thread: 0x0000022258a5ef80

Heap address: 0x0000000080000000, size: 2048 MB, Compressed Oops mode: 32-bit

CDS archive(s) not mapped
Compressed class space mapped at: 0x0000000100000000-0x0000000140000000, reserved size: 1073741824
Narrow klass base: 0x0000000000000000, Narrow klass shift: 3, Narrow klass range: 0x140000000

GC Precious Log:
 CPUs: 4 total, 4 available
 Memory: 3993M
 Large Page Support: Disabled
 NUMA Support: Disabled
 Compressed Oops: Enabled (32-bit)
 Heap Region Size: 1M
 Heap Min Capacity: 8M
 Heap Initial Capacity: 64M
 Heap Max Capacity: 2G
 Pre-touch: Disabled
 Parallel Workers: 4
 Concurrent Workers: 1
 Concurrent Refinement Workers: 4
 Periodic GC: Disabled

Heap:
 garbage-first heap   total 116736K, used 71371K [0x0000000080000000, 0x0000000100000000)
  region size 1024K, 3 young (3072K), 3 survivors (3072K)
 Metaspace       used 60564K, committed 61120K, reserved 1114112K
  class space    used 8126K, committed 8384K, reserved 1048576K

Heap Regions: E=young(eden), S=young(survivor), O=old, HS=humongous(starts), HC=humongous(continues), CS=collection set, F=free, OA=open archive, CA=closed archive, TAMS=top-at-mark-start (previous, next)
|   0|0x0000000080000000, 0x0000000080100000, 0x0000000080100000|100%| O|  |TAMS 0x0000000080100000, 0x0000000080100000| Untracked 
|   1|0x0000000080100000, 0x0000000080200000, 0x0000000080200000|100%| O|  |TAMS 0x0000000080200000, 0x0000000080200000| Untracked 
|   2|0x0000000080200000, 0x0000000080300000, 0x0000000080300000|100%|HS|  |TAMS 0x0000000080300000, 0x0000000080300000| Complete 
|   3|0x0000000080300000, 0x0000000080400000, 0x0000000080400000|100%|HC|  |TAMS 0x0000000080400000, 0x0000000080400000| Complete 
|   4|0x0000000080400000, 0x0000000080500000, 0x0000000080500000|100%|HC|  |TAMS 0x0000000080500000, 0x0000000080500000| Complete 
|   5|0x0000000080500000, 0x0000000080600000, 0x0000000080600000|100%|HC|  |TAMS 0x0000000080600000, 0x0000000080600000| Complete 
|   6|0x0000000080600000, 0x0000000080700000, 0x0000000080700000|100%| O|  |TAMS 0x0000000080700000, 0x0000000080700000| Untracked 
|   7|0x0000000080700000, 0x0000000080800000, 0x0000000080800000|100%| O|  |TAMS 0x0000000080800000, 0x0000000080800000| Untracked 
|   8|0x0000000080800000, 0x0000000080900000, 0x0000000080900000|100%| O|  |TAMS 0x0000000080900000, 0x0000000080900000| Untracked 
|   9|0x0000000080900000, 0x0000000080a00000, 0x0000000080a00000|100%| O|  |TAMS 0x0000000080a00000, 0x0000000080a00000| Untracked 
|  10|0x0000000080a00000, 0x0000000080b00000, 0x0000000080b00000|100%| O|  |TAMS 0x0000000080b00000, 0x0000000080b00000| Untracked 
|  11|0x0000000080b00000, 0x0000000080c00000, 0x0000000080c00000|100%| O|  |TAMS 0x0000000080c00000, 0x0000000080c00000| Untracked 
|  12|0x0000000080c00000, 0x0000000080d00000, 0x0000000080d00000|100%| O|  |TAMS 0x0000000080d00000, 0x0000000080d00000| Untracked 
|  13|0x0000000080d00000, 0x0000000080e00000, 0x0000000080e00000|100%| O|  |TAMS 0x0000000080e00000, 0x0000000080e00000| Untracked 
|  14|0x0000000080e00000, 0x0000000080f00000, 0x0000000080f00000|100%| O|  |TAMS 0x0000000080f00000, 0x0000000080f00000| Untracked 
|  15|0x0000000080f00000, 0x0000000081000000, 0x0000000081000000|100%| O|  |TAMS 0x0000000081000000, 0x0000000081000000| Untracked 
|  16|0x0000000081000000, 0x0000000081100000, 0x0000000081100000|100%| O|  |TAMS 0x0000000081100000, 0x0000000081100000| Untracked 
|  17|0x0000000081100000, 0x0000000081200000, 0x0000000081200000|100%| O|  |TAMS 0x0000000081100000, 0x0000000081200000| Untracked 
|  18|0x0000000081200000, 0x0000000081300000, 0x0000000081300000|100%|HS|  |TAMS 0x0000000081300000, 0x0000000081300000| Complete 
|  19|0x0000000081300000, 0x0000000081400000, 0x0000000081400000|100%|HC|  |TAMS 0x0000000081400000, 0x0000000081400000| Complete 
|  20|0x0000000081400000, 0x0000000081500000, 0x0000000081500000|100%|HS|  |TAMS 0x0000000081500000, 0x0000000081500000| Complete 
|  21|0x0000000081500000, 0x0000000081600000, 0x0000000081600000|100%|HC|  |TAMS 0x0000000081600000, 0x0000000081600000| Complete 
|  22|0x0000000081600000, 0x0000000081700000, 0x0000000081700000|100%|HC|  |TAMS 0x0000000081700000, 0x0000000081700000| Complete 
|  23|0x0000000081700000, 0x0000000081800000, 0x0000000081800000|100%|HS|  |TAMS 0x0000000081800000, 0x0000000081800000| Complete 
|  24|0x0000000081800000, 0x0000000081900000, 0x0000000081900000|100%|HC|  |TAMS 0x0000000081900000, 0x0000000081900000| Complete 
|  25|0x0000000081900000, 0x0000000081a00000, 0x0000000081a00000|100%| O|  |TAMS 0x0000000081a00000, 0x0000000081a00000| Untracked 
|  26|0x0000000081a00000, 0x0000000081b00000, 0x0000000081b00000|100%| O|  |TAMS 0x0000000081b00000, 0x0000000081b00000| Untracked 
|  27|0x0000000081b00000, 0x0000000081c00000, 0x0000000081c00000|100%| O|  |TAMS 0x0000000081c00000, 0x0000000081c00000| Untracked 
|  28|0x0000000081c00000, 0x0000000081d00000, 0x0000000081d00000|100%|HS|  |TAMS 0x0000000081d00000, 0x0000000081d00000| Complete 
|  29|0x0000000081d00000, 0x0000000081e00000, 0x0000000081e00000|100%|HC|  |TAMS 0x0000000081e00000, 0x0000000081e00000| Complete 
|  30|0x0000000081e00000, 0x0000000081f00000, 0x0000000081f00000|100%|HC|  |TAMS 0x0000000081f00000, 0x0000000081f00000| Complete 
|  31|0x0000000081f00000, 0x0000000082000000, 0x0000000082000000|100%|HC|  |TAMS 0x0000000082000000, 0x0000000082000000| Complete 
|  32|0x0000000082000000, 0x0000000082100000, 0x0000000082100000|100%|HC|  |TAMS 0x0000000082100000, 0x0000000082100000| Complete 
|  33|0x0000000082100000, 0x0000000082200000, 0x0000000082200000|100%|HC|  |TAMS 0x0000000082200000, 0x0000000082200000| Complete 
|  34|0x0000000082200000, 0x0000000082300000, 0x0000000082300000|100%|HC|  |TAMS 0x0000000082300000, 0x0000000082300000| Complete 
|  35|0x0000000082300000, 0x0000000082400000, 0x0000000082400000|100%|HC|  |TAMS 0x0000000082400000, 0x0000000082400000| Complete 
|  36|0x0000000082400000, 0x0000000082500000, 0x0000000082500000|100%|HC|  |TAMS 0x0000000082500000, 0x0000000082500000| Complete 
|  37|0x0000000082500000, 0x0000000082600000, 0x0000000082600000|100%|HC|  |TAMS 0x0000000082600000, 0x0000000082600000| Complete 
|  38|0x0000000082600000, 0x0000000082700000, 0x0000000082700000|100%|HC|  |TAMS 0x0000000082700000, 0x0000000082700000| Complete 
|  39|0x0000000082700000, 0x0000000082800000, 0x0000000082800000|100%|HC|  |TAMS 0x0000000082800000, 0x0000000082800000| Complete 
|  40|0x0000000082800000, 0x0000000082900000, 0x0000000082900000|100%| O|  |TAMS 0x0000000082900000, 0x0000000082900000| Untracked 
|  41|0x0000000082900000, 0x0000000082a00000, 0x0000000082a00000|100%| O|  |TAMS 0x0000000082a00000, 0x0000000082a00000| Untracked 
|  42|0x0000000082a00000, 0x0000000082b00000, 0x0000000082b00000|100%| O|  |TAMS 0x0000000082b00000, 0x0000000082b00000| Untracked 
|  43|0x0000000082b00000, 0x0000000082c00000, 0x0000000082c00000|100%| O|  |TAMS 0x0000000082c00000, 0x0000000082c00000| Untracked 
|  44|0x0000000082c00000, 0x0000000082d00000, 0x0000000082d00000|100%|HS|  |TAMS 0x0000000082d00000, 0x0000000082d00000| Complete 
|  45|0x0000000082d00000, 0x0000000082e00000, 0x0000000082e00000|100%|HC|  |TAMS 0x0000000082e00000, 0x0000000082e00000| Complete 
|  46|0x0000000082e00000, 0x0000000082f00000, 0x0000000082f00000|100%| O|  |TAMS 0x0000000082f00000, 0x0000000082f00000| Untracked 
|  47|0x0000000082f00000, 0x0000000083000000, 0x0000000083000000|100%| O|  |TAMS 0x0000000083000000, 0x0000000083000000| Untracked 
|  48|0x0000000083000000, 0x0000000083100000, 0x0000000083100000|100%| O|  |TAMS 0x0000000083100000, 0x0000000083100000| Untracked 
|  49|0x0000000083100000, 0x0000000083200000, 0x0000000083200000|100%| O|  |TAMS 0x0000000083200000, 0x0000000083200000| Untracked 
|  50|0x0000000083200000, 0x0000000083300000, 0x0000000083300000|100%| O|  |TAMS 0x0000000083300000, 0x0000000083300000| Untracked 
|  51|0x0000000083300000, 0x0000000083400000, 0x0000000083400000|100%| O|  |TAMS 0x0000000083400000, 0x0000000083400000| Untracked 
|  52|0x0000000083400000, 0x0000000083500000, 0x0000000083500000|100%|HS|  |TAMS 0x0000000083500000, 0x0000000083500000| Complete 
|  53|0x0000000083500000, 0x0000000083600000, 0x0000000083600000|100%|HC|  |TAMS 0x0000000083600000, 0x0000000083600000| Complete 
|  54|0x0000000083600000, 0x0000000083700000, 0x0000000083700000|100%|HC|  |TAMS 0x0000000083700000, 0x0000000083700000| Complete 
|  55|0x0000000083700000, 0x0000000083800000, 0x0000000083800000|100%| O|  |TAMS 0x0000000083800000, 0x0000000083800000| Untracked 
|  56|0x0000000083800000, 0x0000000083900000, 0x0000000083900000|100%| O|  |TAMS 0x0000000083900000, 0x0000000083900000| Untracked 
|  57|0x0000000083900000, 0x0000000083a00000, 0x0000000083a00000|100%| O|  |TAMS 0x0000000083a00000, 0x0000000083a00000| Untracked 
|  58|0x0000000083a00000, 0x0000000083b00000, 0x0000000083b00000|100%| O|  |TAMS 0x0000000083b00000, 0x0000000083b00000| Untracked 
|  59|0x0000000083b00000, 0x0000000083b00000, 0x0000000083c00000|  0%| F|  |TAMS 0x0000000083b00000, 0x0000000083b00000| Untracked 
|  60|0x0000000083c00000, 0x0000000083d00000, 0x0000000083d00000|100%| O|  |TAMS 0x0000000083d00000, 0x0000000083d00000| Untracked 
|  61|0x0000000083d00000, 0x0000000083e00000, 0x0000000083e00000|100%| O|  |TAMS 0x0000000083e00000, 0x0000000083e00000| Untracked 
|  62|0x0000000083e00000, 0x0000000083f00000, 0x0000000083f00000|100%| O|  |TAMS 0x0000000083f00000, 0x0000000083f00000| Untracked 
|  63|0x0000000083f00000, 0x0000000084000000, 0x0000000084000000|100%| O|  |TAMS 0x0000000084000000, 0x0000000084000000| Untracked 
|  64|0x0000000084000000, 0x0000000084100000, 0x0000000084100000|100%| O|  |TAMS 0x0000000084100000, 0x0000000084100000| Untracked 
|  65|0x0000000084100000, 0x0000000084200000, 0x0000000084200000|100%| O|  |TAMS 0x0000000084135600, 0x0000000084200000| Untracked 
|  66|0x0000000084200000, 0x0000000084300000, 0x0000000084300000|100%| O|  |TAMS 0x0000000084200000, 0x0000000084300000| Untracked 
|  67|0x0000000084300000, 0x00000000843d8a00, 0x0000000084400000| 84%| O|  |TAMS 0x0000000084300000, 0x00000000843d8a00| Untracked 
|  68|0x0000000084400000, 0x0000000084400000, 0x0000000084500000|  0%| F|  |TAMS 0x0000000084400000, 0x0000000084400000| Untracked 
|  69|0x0000000084500000, 0x0000000084500000, 0x0000000084600000|  0%| F|  |TAMS 0x0000000084500000, 0x0000000084500000| Untracked 
|  70|0x0000000084600000, 0x0000000084600000, 0x0000000084700000|  0%| F|  |TAMS 0x0000000084600000, 0x0000000084600000| Untracked 
|  71|0x0000000084700000, 0x0000000084700000, 0x0000000084800000|  0%| F|  |TAMS 0x0000000084700000, 0x0000000084700000| Untracked 
|  72|0x0000000084800000, 0x0000000084800000, 0x0000000084900000|  0%| F|  |TAMS 0x0000000084800000, 0x0000000084800000| Untracked 
|  73|0x0000000084900000, 0x0000000084900000, 0x0000000084a00000|  0%| F|  |TAMS 0x0000000084900000, 0x0000000084900000| Untracked 
|  74|0x0000000084a00000, 0x0000000084a00000, 0x0000000084b00000|  0%| F|  |TAMS 0x0000000084a00000, 0x0000000084a00000| Untracked 
|  75|0x0000000084b00000, 0x0000000084b00000, 0x0000000084c00000|  0%| F|  |TAMS 0x0000000084b00000, 0x0000000084b00000| Untracked 
|  76|0x0000000084c00000, 0x0000000084c00000, 0x0000000084d00000|  0%| F|  |TAMS 0x0000000084c00000, 0x0000000084c00000| Untracked 
|  77|0x0000000084d00000, 0x0000000084d00000, 0x0000000084e00000|  0%| F|  |TAMS 0x0000000084d00000, 0x0000000084d00000| Untracked 
|  78|0x0000000084e00000, 0x0000000084e00000, 0x0000000084f00000|  0%| F|  |TAMS 0x0000000084e00000, 0x0000000084e00000| Untracked 
|  79|0x0000000084f00000, 0x0000000084f00000, 0x0000000085000000|  0%| F|  |TAMS 0x0000000084f00000, 0x0000000084f00000| Untracked 
|  80|0x0000000085000000, 0x0000000085000000, 0x0000000085100000|  0%| F|  |TAMS 0x0000000085000000, 0x0000000085000000| Untracked 
|  81|0x0000000085100000, 0x0000000085100000, 0x0000000085200000|  0%| F|  |TAMS 0x0000000085100000, 0x0000000085100000| Untracked 
|  82|0x0000000085200000, 0x0000000085200000, 0x0000000085300000|  0%| F|  |TAMS 0x0000000085200000, 0x0000000085200000| Untracked 
|  83|0x0000000085300000, 0x00000000853da430, 0x0000000085400000| 85%| S|CS|TAMS 0x0000000085300000, 0x0000000085300000| Complete 
|  84|0x0000000085400000, 0x0000000085500000, 0x0000000085500000|100%| S|CS|TAMS 0x0000000085400000, 0x0000000085400000| Complete 
|  85|0x0000000085500000, 0x0000000085600000, 0x0000000085600000|100%| S|CS|TAMS 0x0000000085500000, 0x0000000085500000| Complete 
|  86|0x0000000085600000, 0x0000000085600000, 0x0000000085700000|  0%| F|  |TAMS 0x0000000085600000, 0x0000000085600000| Untracked 
|  87|0x0000000085700000, 0x0000000085700000, 0x0000000085800000|  0%| F|  |TAMS 0x0000000085700000, 0x0000000085700000| Untracked 
|  88|0x0000000085800000, 0x0000000085800000, 0x0000000085900000|  0%| F|  |TAMS 0x0000000085800000, 0x0000000085800000| Untracked 
|  89|0x0000000085900000, 0x0000000085900000, 0x0000000085a00000|  0%| F|  |TAMS 0x0000000085900000, 0x0000000085900000| Untracked 
|  90|0x0000000085a00000, 0x0000000085a00000, 0x0000000085b00000|  0%| F|  |TAMS 0x0000000085a00000, 0x0000000085a00000| Untracked 
|  91|0x0000000085b00000, 0x0000000085b00000, 0x0000000085c00000|  0%| F|  |TAMS 0x0000000085b00000, 0x0000000085b00000| Untracked 
|  92|0x0000000085c00000, 0x0000000085c00000, 0x0000000085d00000|  0%| F|  |TAMS 0x0000000085c00000, 0x0000000085c00000| Untracked 
|  93|0x0000000085d00000, 0x0000000085d00000, 0x0000000085e00000|  0%| F|  |TAMS 0x0000000085d00000, 0x0000000085d00000| Untracked 
|  94|0x0000000085e00000, 0x0000000085e00000, 0x0000000085f00000|  0%| F|  |TAMS 0x0000000085e00000, 0x0000000085e00000| Untracked 
|  95|0x0000000085f00000, 0x0000000085f00000, 0x0000000086000000|  0%| F|  |TAMS 0x0000000085f00000, 0x0000000085f00000| Untracked 
|  96|0x0000000086000000, 0x0000000086000000, 0x0000000086100000|  0%| F|  |TAMS 0x0000000086000000, 0x0000000086000000| Untracked 
|  97|0x0000000086100000, 0x0000000086100000, 0x0000000086200000|  0%| F|  |TAMS 0x0000000086100000, 0x0000000086100000| Untracked 
|  98|0x0000000086200000, 0x0000000086200000, 0x0000000086300000|  0%| F|  |TAMS 0x0000000086200000, 0x0000000086200000| Untracked 
|  99|0x0000000086300000, 0x0000000086300000, 0x0000000086400000|  0%| F|  |TAMS 0x0000000086300000, 0x0000000086300000| Untracked 
| 100|0x0000000086400000, 0x0000000086400000, 0x0000000086500000|  0%| F|  |TAMS 0x0000000086400000, 0x0000000086400000| Untracked 
| 101|0x0000000086500000, 0x0000000086500000, 0x0000000086600000|  0%| F|  |TAMS 0x0000000086500000, 0x0000000086500000| Untracked 
| 102|0x0000000086600000, 0x0000000086600000, 0x0000000086700000|  0%| F|  |TAMS 0x0000000086600000, 0x0000000086600000| Untracked 
| 103|0x0000000086700000, 0x0000000086700000, 0x0000000086800000|  0%| F|  |TAMS 0x0000000086700000, 0x0000000086700000| Untracked 
| 104|0x0000000086800000, 0x0000000086800000, 0x0000000086900000|  0%| F|  |TAMS 0x0000000086800000, 0x0000000086800000| Untracked 
| 105|0x0000000086900000, 0x0000000086900000, 0x0000000086a00000|  0%| F|  |TAMS 0x0000000086900000, 0x0000000086900000| Untracked 
| 106|0x0000000086a00000, 0x0000000086a00000, 0x0000000086b00000|  0%| F|  |TAMS 0x0000000086a00000, 0x0000000086a00000| Untracked 
| 107|0x0000000086b00000, 0x0000000086b00000, 0x0000000086c00000|  0%| F|  |TAMS 0x0000000086b00000, 0x0000000086b00000| Untracked 
| 108|0x0000000086c00000, 0x0000000086c00000, 0x0000000086d00000|  0%| F|  |TAMS 0x0000000086c00000, 0x0000000086c00000| Untracked 
| 109|0x0000000086d00000, 0x0000000086d00000, 0x0000000086e00000|  0%| F|  |TAMS 0x0000000086d00000, 0x0000000086d00000| Untracked 
| 110|0x0000000086e00000, 0x0000000086e00000, 0x0000000086f00000|  0%| F|  |TAMS 0x0000000086e00000, 0x0000000086e00000| Untracked 
| 111|0x0000000086f00000, 0x0000000086f00000, 0x0000000087000000|  0%| F|  |TAMS 0x0000000086f00000, 0x0000000086f00000| Untracked 
| 112|0x0000000087000000, 0x0000000087000000, 0x0000000087100000|  0%| F|  |TAMS 0x0000000087000000, 0x0000000087000000| Untracked 
| 113|0x0000000087100000, 0x0000000087100000, 0x0000000087200000|  0%| F|  |TAMS 0x0000000087100000, 0x0000000087100000| Untracked 

Card table byte_map: [0x000002224bdf0000,0x000002224c1f0000] _byte_map_base: 0x000002224b9f0000

Marking Bits (Prev, Next): (CMBitMap*) 0x0000022239569220, (CMBitMap*) 0x00000222395691e0
 Prev Bits: [0x000002224e5f0000, 0x00000222505f0000)
 Next Bits: [0x000002224c5f0000, 0x000002224e5f0000)

Polling page: 0x0000022237420000

Metaspace:

Usage:
  Non-class:     51.21 MB used.
      Class:      7.94 MB used.
       Both:     59.14 MB used.

Virtual space:
  Non-class space:       64.00 MB reserved,      51.50 MB ( 80%) committed,  1 nodes.
      Class space:        1.00 GB reserved,       8.19 MB ( <1%) committed,  1 nodes.
             Both:        1.06 GB reserved,      59.69 MB (  5%) committed. 

Chunk freelists:
   Non-Class:  12.33 MB
       Class:  7.70 MB
        Both:  20.03 MB

MaxMetaspaceSize: unlimited
CompressedClassSpaceSize: 1.00 GB
Initial GC threshold: 21.00 MB
Current GC threshold: 87.75 MB
CDS: off
MetaspaceReclaimPolicy: balanced
 - commit_granule_bytes: 65536.
 - commit_granule_words: 8192.
 - virtual_space_node_default_size: 8388608.
 - enlarge_chunks_in_place: 1.
 - new_chunks_are_fully_committed: 0.
 - uncommit_free_chunks: 1.
 - use_allocation_guard: 0.
 - handle_deallocations: 1.


Internal statistics:

num_allocs_failed_limit: 3.
num_arena_births: 720.
num_arena_deaths: 0.
num_vsnodes_births: 2.
num_vsnodes_deaths: 0.
num_space_committed: 955.
num_space_uncommitted: 0.
num_chunks_returned_to_freelist: 3.
num_chunks_taken_from_freelist: 2750.
num_chunk_merges: 3.
num_chunk_splits: 1767.
num_chunks_enlarged: 1144.
num_inconsistent_stats: 0.

CodeHeap 'non-profiled nmethods': size=120000Kb used=2383Kb max_used=3294Kb free=117616Kb
 bounds [0x00000222444c0000, 0x0000022244800000, 0x000002224b9f0000]
CodeHeap 'profiled nmethods': size=120000Kb used=9812Kb max_used=11561Kb free=110187Kb
 bounds [0x000002223c9f0000, 0x000002223d540000, 0x0000022243f20000]
CodeHeap 'non-nmethods': size=5760Kb used=2346Kb max_used=2360Kb free=3413Kb
 bounds [0x0000022243f20000, 0x0000022244190000, 0x00000222444c0000]
 total_blobs=5981 nmethods=5112 adapters=780
 compilation: enabled
              stopped_count=0, restarted_count=0
 full_count=0

Compilation events (20 events):
Event: 27.282 Thread 0x00000222570154e0 nmethod 5947 0x000002223ce9f410 code [0x000002223ce9f5a0, 0x000002223ce9f778]
Event: 27.284 Thread 0x00000222570154e0 5948       3       java.math.BigInteger::valueOf (62 bytes)
Event: 27.284 Thread 0x00000222570154e0 nmethod 5948 0x000002223ccc1f90 code [0x000002223ccc2160, 0x000002223ccc2548]
Event: 27.286 Thread 0x00000222570142a0 5949       4       java.security.SecureClassLoader$CodeSourceKey::hashCode (21 bytes)
Event: 27.292 Thread 0x00000222570142a0 nmethod 5949 0x0000022244581290 code [0x0000022244581420, 0x0000022244581668]
Event: 27.292 Thread 0x00000222570142a0 5950       4       java.nio.ByteBuffer::arrayOffset (35 bytes)
Event: 27.293 Thread 0x00000222570142a0 nmethod 5950 0x0000022244510d10 code [0x0000022244510e80, 0x0000022244510f38]
Event: 27.313 Thread 0x00000222570154e0 5951       3       sun.security.jca.ProviderList$ServiceList::tryGet (304 bytes)
Event: 27.316 Thread 0x00000222570154e0 nmethod 5951 0x000002223cc79910 code [0x000002223cc79c80, 0x000002223cc7b338]
Event: 27.371 Thread 0x00000222570154e0 5952       3       sun.management.MemoryPoolImpl::getType (15 bytes)
Event: 27.371 Thread 0x00000222570154e0 nmethod 5952 0x000002223ce5ce10 code [0x000002223ce5cfa0, 0x000002223ce5d138]
Event: 27.378 Thread 0x00000222570142a0 5953       4       java.security.CodeSource::<init> (52 bytes)
Event: 27.384 Thread 0x00000222570154e0 5954       1       jdk.internal.event.X509CertificateEvent::isEnabled (2 bytes)
Event: 27.385 Thread 0x00000222570154e0 nmethod 5954 0x0000022244660710 code [0x00000222446608a0, 0x0000022244660978]
Event: 27.395 Thread 0x00000222570154e0 5955       3       java.io.InputStream::readNBytes (292 bytes)
Event: 27.397 Thread 0x00000222570154e0 nmethod 5955 0x000002223ca2b310 code [0x000002223ca2b660, 0x000002223ca2cfa8]
Event: 27.397 Thread 0x00000222570154e0 5956       3       sun.security.util.IOUtils::readExactlyNBytes (53 bytes)
Event: 27.399 Thread 0x00000222570154e0 nmethod 5956 0x000002223cca8510 code [0x000002223cca8760, 0x000002223cca8f58]
Event: 27.399 Thread 0x00000222570154e0 5957       3       sun.security.util.Cache$EqualByteArray::<init> (10 bytes)
Event: 27.399 Thread 0x00000222570154e0 nmethod 5957 0x000002223ced5790 code [0x000002223ced5920, 0x000002223ced5ad8]

GC Heap History (20 events):
Event: 11.452 GC heap after
{Heap after GC invocations=16 (full 0):
 garbage-first heap   total 87040K, used 51510K [0x0000000080000000, 0x0000000100000000)
  region size 1024K, 3 young (3072K), 3 survivors (3072K)
 Metaspace       used 37323K, committed 37760K, reserved 1114112K
  class space    used 5207K, committed 5440K, reserved 1048576K
}
Event: 11.941 GC heap before
{Heap before GC invocations=17 (full 0):
 garbage-first heap   total 94208K, used 67894K [0x0000000080000000, 0x0000000100000000)
  region size 1024K, 20 young (20480K), 3 survivors (3072K)
 Metaspace       used 41982K, committed 42304K, reserved 1114112K
  class space    used 5649K, committed 5824K, reserved 1048576K
}
Event: 11.949 GC heap after
{Heap after GC invocations=18 (full 0):
 garbage-first heap   total 113664K, used 54168K [0x0000000080000000, 0x0000000100000000)
  region size 1024K, 3 young (3072K), 3 survivors (3072K)
 Metaspace       used 41982K, committed 42304K, reserved 1114112K
  class space    used 5649K, committed 5824K, reserved 1048576K
}
Event: 14.334 GC heap before
{Heap before GC invocations=18 (full 0):
 garbage-first heap   total 113664K, used 78744K [0x0000000080000000, 0x0000000100000000)
  region size 1024K, 28 young (28672K), 3 survivors (3072K)
 Metaspace       used 43021K, committed 43392K, reserved 1114112K
  class space    used 5744K, committed 5888K, reserved 1048576K
}
Event: 14.351 GC heap after
{Heap after GC invocations=19 (full 0):
 garbage-first heap   total 113664K, used 57100K [0x0000000080000000, 0x0000000100000000)
  region size 1024K, 5 young (5120K), 5 survivors (5120K)
 Metaspace       used 43021K, committed 43392K, reserved 1114112K
  class space    used 5744K, committed 5888K, reserved 1048576K
}
Event: 15.965 GC heap before
{Heap before GC invocations=20 (full 0):
 garbage-first heap   total 113664K, used 93964K [0x0000000080000000, 0x0000000100000000)
  region size 1024K, 36 young (36864K), 5 survivors (5120K)
 Metaspace       used 47525K, committed 47936K, reserved 1114112K
  class space    used 6328K, committed 6528K, reserved 1048576K
}
Event: 15.987 GC heap after
{Heap after GC invocations=21 (full 0):
 garbage-first heap   total 113664K, used 58599K [0x0000000080000000, 0x0000000100000000)
  region size 1024K, 2 young (2048K), 2 survivors (2048K)
 Metaspace       used 47525K, committed 47936K, reserved 1114112K
  class space    used 6328K, committed 6528K, reserved 1048576K
}
Event: 18.162 GC heap before
{Heap before GC invocations=21 (full 0):
 garbage-first heap   total 113664K, used 69863K [0x0000000080000000, 0x0000000100000000)
  region size 1024K, 14 young (14336K), 2 survivors (2048K)
 Metaspace       used 48061K, committed 48576K, reserved 1114112K
  class space    used 6400K, committed 6656K, reserved 1048576K
}
Event: 18.179 GC heap after
{Heap after GC invocations=22 (full 0):
 garbage-first heap   total 113664K, used 60647K [0x0000000080000000, 0x0000000100000000)
  region size 1024K, 4 young (4096K), 4 survivors (4096K)
 Metaspace       used 48061K, committed 48576K, reserved 1114112K
  class space    used 6400K, committed 6656K, reserved 1048576K
}
Event: 21.017 GC heap before
{Heap before GC invocations=23 (full 0):
 garbage-first heap   total 113664K, used 95463K [0x0000000080000000, 0x0000000100000000)
  region size 1024K, 33 young (33792K), 4 survivors (4096K)
 Metaspace       used 50872K, committed 51392K, reserved 1114112K
  class space    used 6684K, committed 6912K, reserved 1048576K
}
Event: 21.030 GC heap after
{Heap after GC invocations=24 (full 0):
 garbage-first heap   total 113664K, used 65973K [0x0000000080000000, 0x0000000100000000)
  region size 1024K, 5 young (5120K), 5 survivors (5120K)
 Metaspace       used 50872K, committed 51392K, reserved 1114112K
  class space    used 6684K, committed 6912K, reserved 1048576K
}
Event: 21.033 GC heap before
{Heap before GC invocations=24 (full 0):
 garbage-first heap   total 113664K, used 66997K [0x0000000080000000, 0x0000000100000000)
  region size 1024K, 6 young (6144K), 5 survivors (5120K)
 Metaspace       used 50872K, committed 51392K, reserved 1114112K
  class space    used 6684K, committed 6912K, reserved 1048576K
}
Event: 21.044 GC heap after
{Heap after GC invocations=25 (full 0):
 garbage-first heap   total 113664K, used 65929K [0x0000000080000000, 0x0000000100000000)
  region size 1024K, 1 young (1024K), 1 survivors (1024K)
 Metaspace       used 50872K, committed 51392K, reserved 1114112K
  class space    used 6684K, committed 6912K, reserved 1048576K
}
Event: 23.219 GC heap before
{Heap before GC invocations=25 (full 0):
 garbage-first heap   total 113664K, used 91529K [0x0000000080000000, 0x0000000100000000)
  region size 1024K, 26 young (26624K), 1 survivors (1024K)
 Metaspace       used 53214K, committed 53760K, reserved 1114112K
  class space    used 7119K, committed 7360K, reserved 1048576K
}
Event: 23.228 GC heap after
{Heap after GC invocations=26 (full 0):
 garbage-first heap   total 113664K, used 67456K [0x0000000080000000, 0x0000000100000000)
  region size 1024K, 2 young (2048K), 2 survivors (2048K)
 Metaspace       used 53214K, committed 53760K, reserved 1114112K
  class space    used 7119K, committed 7360K, reserved 1048576K
}
Event: 25.829 GC heap before
{Heap before GC invocations=27 (full 0):
 garbage-first heap   total 116736K, used 93056K [0x0000000080000000, 0x0000000100000000)
  region size 1024K, 27 young (27648K), 2 survivors (2048K)
 Metaspace       used 55833K, committed 56384K, reserved 1114112K
  class space    used 7577K, committed 7808K, reserved 1048576K
}
Event: 25.837 GC heap after
{Heap after GC invocations=28 (full 0):
 garbage-first heap   total 116736K, used 69053K [0x0000000080000000, 0x0000000100000000)
  region size 1024K, 4 young (4096K), 4 survivors (4096K)
 Metaspace       used 55833K, committed 56384K, reserved 1114112K
  class space    used 7577K, committed 7808K, reserved 1048576K
}
Event: 25.861 GC heap before
{Heap before GC invocations=28 (full 0):
 garbage-first heap   total 116736K, used 70077K [0x0000000080000000, 0x0000000100000000)
  region size 1024K, 5 young (5120K), 4 survivors (4096K)
 Metaspace       used 55927K, committed 56448K, reserved 1114112K
  class space    used 7592K, committed 7808K, reserved 1048576K
}
Event: 25.872 GC heap after
{Heap after GC invocations=29 (full 0):
 garbage-first heap   total 116736K, used 68995K [0x0000000080000000, 0x0000000100000000)
  region size 1024K, 1 young (1024K), 1 survivors (1024K)
 Metaspace       used 55927K, committed 56448K, reserved 1114112K
  class space    used 7592K, committed 7808K, reserved 1048576K
}
Event: 27.450 GC heap before
{Heap before GC invocations=29 (full 0):
 garbage-first heap   total 116736K, used 96643K [0x0000000080000000, 0x0000000100000000)
  region size 1024K, 28 young (28672K), 1 survivors (1024K)
 Metaspace       used 60564K, committed 61120K, reserved 1114112K
  class space    used 8126K, committed 8384K, reserved 1048576K
}

Dll operation events (3 events):
Event: 0.052 Loaded shared library C:\Program Files\Android\Android Studio\jbr\bin\java.dll
Event: 0.479 Loaded shared library C:\Program Files\Android\Android Studio\jbr\bin\zip.dll
Event: 0.963 Loaded shared library C:\Program Files\Android\Android Studio\jbr\bin\verify.dll

Deoptimization events (20 events):
Event: 26.994 Thread 0x0000022258a5ef80 Uncommon trap: trap_request=0xffffff45 fr.pc=0x000002224479e554 relative=0x0000000000000054
Event: 26.994 Thread 0x0000022258a5ef80 Uncommon trap: reason=unstable_if action=reinterpret pc=0x000002224479e554 method=sun.net.util.IPAddressUtil.scan(Ljava/lang/String;JJ[C)I @ 14 c2
Event: 26.994 Thread 0x0000022258a5ef80 DEOPT PACKING pc=0x000002224479e554 sp=0x0000003d5cff3600
Event: 26.994 Thread 0x0000022258a5ef80 DEOPT UNPACKING pc=0x0000022243f769a3 sp=0x0000003d5cff3558 mode 2
Event: 27.097 Thread 0x0000022258a5ef80 Uncommon trap: trap_request=0xffffffbe fr.pc=0x00000222444f900c relative=0x00000000000002cc
Event: 27.097 Thread 0x0000022258a5ef80 Uncommon trap: reason=profile_predicate action=maybe_recompile pc=0x00000222444f900c method=sun.instrument.TransformerManager.transform(Ljava/lang/Module;Ljava/lang/ClassLoader;Ljava/lang/String;Ljava/lang/Class;Ljava/security/ProtectionDomain;[B)[B @ 21 
Event: 27.097 Thread 0x0000022258a5ef80 DEOPT PACKING pc=0x00000222444f900c sp=0x0000003d5cff37b0
Event: 27.097 Thread 0x0000022258a5ef80 DEOPT UNPACKING pc=0x0000022243f769a3 sp=0x0000003d5cff36c0 mode 2
Event: 27.099 Thread 0x0000022258a5ef80 Uncommon trap: trap_request=0xffffffbe fr.pc=0x00000222444f900c relative=0x00000000000002cc
Event: 27.099 Thread 0x0000022258a5ef80 Uncommon trap: reason=profile_predicate action=maybe_recompile pc=0x00000222444f900c method=sun.instrument.TransformerManager.transform(Ljava/lang/Module;Ljava/lang/ClassLoader;Ljava/lang/String;Ljava/lang/Class;Ljava/security/ProtectionDomain;[B)[B @ 21 
Event: 27.099 Thread 0x0000022258a5ef80 DEOPT PACKING pc=0x00000222444f900c sp=0x0000003d5cff37b0
Event: 27.099 Thread 0x0000022258a5ef80 DEOPT UNPACKING pc=0x0000022243f769a3 sp=0x0000003d5cff36c0 mode 2
Event: 27.099 Thread 0x0000022258a5ef80 Uncommon trap: trap_request=0xffffffbe fr.pc=0x00000222444f900c relative=0x00000000000002cc
Event: 27.099 Thread 0x0000022258a5ef80 Uncommon trap: reason=profile_predicate action=maybe_recompile pc=0x00000222444f900c method=sun.instrument.TransformerManager.transform(Ljava/lang/Module;Ljava/lang/ClassLoader;Ljava/lang/String;Ljava/lang/Class;Ljava/security/ProtectionDomain;[B)[B @ 21 
Event: 27.099 Thread 0x0000022258a5ef80 DEOPT PACKING pc=0x00000222444f900c sp=0x0000003d5cff37b0
Event: 27.099 Thread 0x0000022258a5ef80 DEOPT UNPACKING pc=0x0000022243f769a3 sp=0x0000003d5cff36c0 mode 2
Event: 27.109 Thread 0x0000022258a5ef80 Uncommon trap: trap_request=0xffffffbe fr.pc=0x00000222444f900c relative=0x00000000000002cc
Event: 27.109 Thread 0x0000022258a5ef80 Uncommon trap: reason=profile_predicate action=maybe_recompile pc=0x00000222444f900c method=sun.instrument.TransformerManager.transform(Ljava/lang/Module;Ljava/lang/ClassLoader;Ljava/lang/String;Ljava/lang/Class;Ljava/security/ProtectionDomain;[B)[B @ 21 
Event: 27.109 Thread 0x0000022258a5ef80 DEOPT PACKING pc=0x00000222444f900c sp=0x0000003d5cff34a0
Event: 27.109 Thread 0x0000022258a5ef80 DEOPT UNPACKING pc=0x0000022243f769a3 sp=0x0000003d5cff33b0 mode 2

Classes unloaded (0 events):
No events

Classes redefined (0 events):
No events

Internal exceptions (20 events):
Event: 22.280 Thread 0x0000022258a5ef80 Exception <a 'java/lang/ClassNotFoundException'{0x00000000859e7340}: org/jetbrains/plugins/gradle/model/web/WebConfigurationCustomizer> (0x00000000859e7340) 
thrown [s\src\hotspot\share\classfile\systemDictionary.cpp, line 256]
Event: 22.284 Thread 0x0000022258a5ef80 Exception <a 'java/lang/ClassNotFoundException'{0x000000008580b680}: org/jetbrains/plugins/gradle/model/scala/ScalaModelBeanInfo> (0x000000008580b680) 
thrown [s\src\hotspot\share\classfile\systemDictionary.cpp, line 256]
Event: 22.285 Thread 0x0000022258a5ef80 Exception <a 'java/lang/ClassNotFoundException'{0x0000000085813bc8}: org/jetbrains/plugins/gradle/model/scala/ScalaModelCustomizer> (0x0000000085813bc8) 
thrown [s\src\hotspot\share\classfile\systemDictionary.cpp, line 256]
Event: 22.332 Thread 0x0000022258a5ef80 Exception <a 'java/lang/ClassNotFoundException'{0x000000008584ed30}: org/jetbrains/plugins/gradle/model/DependencyAccessorsModelBeanInfo> (0x000000008584ed30) 
thrown [s\src\hotspot\share\classfile\systemDictionary.cpp, line 256]
Event: 22.332 Thread 0x0000022258a5ef80 Exception <a 'java/lang/ClassNotFoundException'{0x0000000085857340}: org/jetbrains/plugins/gradle/model/DependencyAccessorsModelCustomizer> (0x0000000085857340) 
thrown [s\src\hotspot\share\classfile\systemDictionary.cpp, line 256]
Event: 23.583 Thread 0x0000022258a5ef80 Exception <a 'java/lang/ClassNotFoundException'{0x0000000086d37a38}: org/gradle/api/internal/project/DefaultProject_DecoratedBeanInfo> (0x0000000086d37a38) 
thrown [s\src\hotspot\share\classfile\systemDictionary.cpp, line 256]
Event: 23.584 Thread 0x0000022258a5ef80 Exception <a 'java/lang/ClassNotFoundException'{0x0000000086d44970}: org/gradle/api/internal/project/DefaultProjectBeanInfo> (0x0000000086d44970) 
thrown [s\src\hotspot\share\classfile\systemDictionary.cpp, line 256]
Event: 23.585 Thread 0x0000022258a5ef80 Exception <a 'java/lang/ClassNotFoundException'{0x0000000086d518d0}: org/gradle/api/internal/project/DefaultProjectCustomizer> (0x0000000086d518d0) 
thrown [s\src\hotspot\share\classfile\systemDictionary.cpp, line 256]
Event: 23.617 Thread 0x0000022258a5ef80 Exception <a 'java/lang/ClassNotFoundException'{0x0000000086dfa078}: org/gradle/api/internal/project/DefaultProject_DecoratedCustomizer> (0x0000000086dfa078) 
thrown [s\src\hotspot\share\classfile\systemDictionary.cpp, line 256]
Event: 23.957 Thread 0x0000022258a5ef80 Exception <a 'java/lang/NoSuchMethodError'{0x000000008646b7a8}: 'long java.lang.invoke.DirectMethodHandle$Holder.invokeStatic(java.lang.Object, long)'> (0x000000008646b7a8) 
thrown [s\src\hotspot\share\interpreter\linkResolver.cpp, line 771]
Event: 24.783 Thread 0x0000022258a5ef80 Exception <a 'java/lang/NoSuchMethodError'{0x0000000085ea4080}: 'java.lang.Object java.lang.invoke.DelegatingMethodHandle$Holder.reinvoke_L(java.lang.Object, java.lang.Object, java.lang.Object, java.lang.Object, java.lang.Object, java.lang.Object, java.lang.Object, java.lang.Object, java.lang.Object, java.lang.Object, java.lang.Object, java.lang.Object, java.lang.Object, java.lang.Object, java.lang.Object, java.lang.Object, java.lang.Object, java.lang.Object, java.lang.Object, java.lang.Object, java.lang.O
Event: 24.785 Thread 0x0000022258a5ef80 Exception <a 'java/lang/NoSuchMethodError'{0x0000000085eaf858}: 'java.lang.Object java.lang.invoke.DirectMethodHandle$Holder.invokeSpecial(java.lang.Object, java.lang.Object, java.lang.Object, java.lang.Object, java.lang.Object, java.lang.Object, java.lang.Object, java.lang.Object, java.lang.Object, java.lang.Object, java.lang.Object, java.lang.Object, java.lang.Object, java.lang.Object, java.lang.Object, java.lang.Object, java.lang.Object, java.lang.Object, java.lang.Object, java.lang.Object, java.lang.Ob
Event: 24.785 Thread 0x0000022258a5ef80 Exception <a 'java/lang/NoSuchMethodError'{0x0000000085eb54a0}: 'java.lang.Object java.lang.invoke.Invokers$Holder.invoker(java.lang.Object, java.lang.Object, java.lang.Object, java.lang.Object, java.lang.Object, java.lang.Object, java.lang.Object, java.lang.Object, java.lang.Object, java.lang.Object, java.lang.Object, java.lang.Object, java.lang.Object, java.lang.Object, java.lang.Object, java.lang.Object, java.lang.Object, java.lang.Object, java.lang.Object, java.lang.Object, java.lang.Object)'> (0x00000
Event: 24.786 Thread 0x0000022258a5ef80 Exception <a 'java/lang/NoSuchMethodError'{0x0000000085ebbb00}: 'java.lang.Object java.lang.invoke.DelegatingMethodHandle$Holder.delegate(java.lang.Object, java.lang.Object, java.lang.Object, java.lang.Object, java.lang.Object, java.lang.Object, java.lang.Object, java.lang.Object, java.lang.Object, java.lang.Object, java.lang.Object, java.lang.Object, java.lang.Object, java.lang.Object, java.lang.Object, java.lang.Object, java.lang.Object, java.lang.Object, java.lang.Object, java.lang.Object, java.lang.Obj
Event: 26.047 Thread 0x0000022258a5ef80 Exception <a 'java/lang/NoSuchMethodError'{0x0000000086e6a040}: 'int java.lang.invoke.DirectMethodHandle$Holder.invokeSpecialIFC(java.lang.Object, java.lang.Object, java.lang.Object)'> (0x0000000086e6a040) 
thrown [s\src\hotspot\share\interpreter\linkResolver.cpp, line 771]
Event: 26.185 Thread 0x0000022258a5ef80 Exception <a 'java/lang/NoSuchMethodError'{0x0000000086bfaff0}: 'java.lang.Object java.lang.invoke.DirectMethodHandle$Holder.newInvokeSpecial(java.lang.Object, java.lang.Object, java.lang.Object, java.lang.Object, java.lang.Object, int)'> (0x0000000086bfaff0) 
thrown [s\src\hotspot\share\interpreter\linkResolver.cpp, line 771]
Event: 26.188 Thread 0x0000022258a5ef80 Exception <a 'java/lang/NoSuchMethodError'{0x0000000086a00ad0}: 'java.lang.Object java.lang.invoke.DirectMethodHandle$Holder.invokeSpecial(java.lang.Object, java.lang.Object, java.lang.Object, java.lang.Object, java.lang.Object, java.lang.Object, int)'> (0x0000000086a00ad0) 
thrown [s\src\hotspot\share\interpreter\linkResolver.cpp, line 771]
Event: 26.211 Thread 0x0000022258a5ef80 Exception <a 'java/lang/NoSuchMethodError'{0x0000000086ab29c0}: 'void java.lang.invoke.DirectMethodHandle$Holder.invokeStatic(java.lang.Object, java.lang.Object, java.lang.Object, int, java.lang.Object)'> (0x0000000086ab29c0) 
thrown [s\src\hotspot\share\interpreter\linkResolver.cpp, line 771]
Event: 26.934 Thread 0x0000022258a5ef80 Implicit null exception at 0x0000022244512e72 to 0x0000022244513458
Event: 26.982 Thread 0x0000022258a5ef80 Exception <a 'sun/nio/fs/WindowsException'{0x0000000085ea1c68}> (0x0000000085ea1c68) 
thrown [s\src\hotspot\share\prims\jni.cpp, line 517]

VM Operations (20 events):
Event: 26.107 Executing VM operation: HandshakeAllThreads done
Event: 26.838 Executing VM operation: HandshakeAllThreads
Event: 26.839 Executing VM operation: HandshakeAllThreads done
Event: 26.873 Executing VM operation: ICBufferFull
Event: 26.873 Executing VM operation: ICBufferFull done
Event: 26.984 Executing VM operation: HandshakeAllThreads
Event: 26.984 Executing VM operation: HandshakeAllThreads done
Event: 26.991 Executing VM operation: HandshakeAllThreads
Event: 26.991 Executing VM operation: HandshakeAllThreads done
Event: 26.994 Executing VM operation: HandshakeAllThreads
Event: 26.994 Executing VM operation: HandshakeAllThreads done
Event: 26.994 Executing VM operation: HandshakeAllThreads
Event: 26.994 Executing VM operation: HandshakeAllThreads done
Event: 27.027 Executing VM operation: HandshakeAllThreads
Event: 27.027 Executing VM operation: HandshakeAllThreads done
Event: 27.044 Executing VM operation: HandshakeAllThreads
Event: 27.044 Executing VM operation: HandshakeAllThreads done
Event: 27.063 Executing VM operation: HandshakeAllThreads
Event: 27.063 Executing VM operation: HandshakeAllThreads done
Event: 27.449 Executing VM operation: G1CollectForAllocation

Events (20 events):
Event: 27.312 loading class sun/security/provider/DSA$SHA224withDSA
Event: 27.312 loading class sun/security/provider/DSA$SHA224withDSA done
Event: 27.314 loading class sun/security/ssl/SessionId
Event: 27.316 loading class sun/security/ssl/SessionId done
Event: 27.317 loading class javax/net/ssl/SSLParameters
Event: 27.322 loading class javax/net/ssl/SSLParameters done
Event: 27.322 loading class sun/security/ssl/SSLConfiguration$1
Event: 27.322 loading class sun/security/ssl/SSLConfiguration$1 done
Event: 27.350 loading class javax/net/ssl/SSLHandshakeException
Event: 27.350 loading class javax/net/ssl/SSLHandshakeException done
Event: 27.397 loading class sun/security/ssl/SSLContextImpl$TLSContext
Event: 27.397 loading class sun/security/ssl/SSLContextImpl$TLSContext done
Event: 27.431 loading class java/net/ProxySelector
Event: 27.432 loading class java/net/ProxySelector done
Event: 27.432 loading class sun/net/spi/DefaultProxySelector
Event: 27.433 loading class sun/net/spi/DefaultProxySelector done
Event: 27.434 loading class java/net/Proxy$Type
Event: 27.435 loading class java/net/Proxy$Type done
Event: 27.435 loading class sun/net/spi/DefaultProxySelector$1
Event: 27.439 loading class sun/net/spi/DefaultProxySelector$1 done


Dynamic libraries:
0x00007ff75cf90000 - 0x00007ff75cf9a000 	C:\Program Files\Android\Android Studio\jbr\bin\java.exe
0x00007ff8791c0000 - 0x00007ff8793c9000 	C:\WINDOWS\SYSTEM32\ntdll.dll
0x00007ff878c90000 - 0x00007ff878d4d000 	C:\WINDOWS\System32\KERNEL32.DLL
0x00007ff876650000 - 0x00007ff8769d4000 	C:\WINDOWS\System32\KERNELBASE.dll
0x00007ff876af0000 - 0x00007ff876c01000 	C:\WINDOWS\System32\ucrtbase.dll
0x00007ff867220000 - 0x00007ff867237000 	C:\Program Files\Android\Android Studio\jbr\bin\jli.dll
0x00007ff8780c0000 - 0x00007ff87826d000 	C:\WINDOWS\System32\USER32.dll
0x00007ff876cd0000 - 0x00007ff876cf6000 	C:\WINDOWS\System32\win32u.dll
0x00007ff878270000 - 0x00007ff87829a000 	C:\WINDOWS\System32\GDI32.dll
0x00007ff876ef0000 - 0x00007ff87700e000 	C:\WINDOWS\System32\gdi32full.dll
0x00007ff876a50000 - 0x00007ff876aed000 	C:\WINDOWS\System32\msvcp_win.dll
0x00007ff869c60000 - 0x00007ff869c7b000 	C:\Program Files\Android\Android Studio\jbr\bin\VCRUNTIME140.dll
0x00007ff875860000 - 0x00007ff875b05000 	C:\WINDOWS\WinSxS\amd64_microsoft.windows.common-controls_6595b64144ccf1df_6.0.22000.120_none_9d947278b86cc467\COMCTL32.dll
0x00007ff878540000 - 0x00007ff8785e3000 	C:\WINDOWS\System32\msvcrt.dll
0x00007ff877080000 - 0x00007ff8770b1000 	C:\WINDOWS\System32\IMM32.DLL
0x00007ff86af00000 - 0x00007ff86af0c000 	C:\Program Files\Android\Android Studio\jbr\bin\vcruntime140_1.dll
0x00007ff854e70000 - 0x00007ff854efd000 	C:\Program Files\Android\Android Studio\jbr\bin\msvcp140.dll
0x00007ff81e6c0000 - 0x00007ff81f340000 	C:\Program Files\Android\Android Studio\jbr\bin\server\jvm.dll
0x00007ff878010000 - 0x00007ff8780be000 	C:\WINDOWS\System32\ADVAPI32.dll
0x00007ff8783b0000 - 0x00007ff87844e000 	C:\WINDOWS\System32\sechost.dll
0x00007ff877550000 - 0x00007ff877671000 	C:\WINDOWS\System32\RPCRT4.dll
0x00007ff874a40000 - 0x00007ff874a49000 	C:\WINDOWS\SYSTEM32\WSOCK32.dll
0x00007ff8784d0000 - 0x00007ff87853f000 	C:\WINDOWS\System32\WS2_32.dll
0x00007ff867380000 - 0x00007ff8673b3000 	C:\WINDOWS\SYSTEM32\WINMM.dll
0x00007ff873100000 - 0x00007ff87310a000 	C:\WINDOWS\SYSTEM32\VERSION.dll
0x00007ff874880000 - 0x00007ff874898000 	C:\WINDOWS\SYSTEM32\kernel.appcore.dll
0x00007ff86fc10000 - 0x00007ff86fc1a000 	C:\Program Files\Android\Android Studio\jbr\bin\jimage.dll
0x00007ff875f90000 - 0x00007ff8761b1000 	C:\WINDOWS\SYSTEM32\DBGHELP.DLL
0x00007ff875cd0000 - 0x00007ff875d01000 	C:\WINDOWS\SYSTEM32\dbgcore.DLL
0x00007ff876e70000 - 0x00007ff876eef000 	C:\WINDOWS\System32\bcryptPrimitives.dll
0x00007ff868db0000 - 0x00007ff868dbe000 	C:\Program Files\Android\Android Studio\jbr\bin\instrument.dll
0x00007ff869b10000 - 0x00007ff869b35000 	C:\Program Files\Android\Android Studio\jbr\bin\java.dll
0x00007ff86d060000 - 0x00007ff86d078000 	C:\Program Files\Android\Android Studio\jbr\bin\zip.dll
0x00007ff877830000 - 0x00007ff877ff5000 	C:\WINDOWS\System32\SHELL32.dll
0x00007ff873870000 - 0x00007ff8740d2000 	C:\WINDOWS\SYSTEM32\windows.storage.dll
0x00007ff8771d0000 - 0x00007ff877546000 	C:\WINDOWS\System32\combase.dll
0x00007ff873700000 - 0x00007ff873867000 	C:\WINDOWS\SYSTEM32\wintypes.dll
0x00007ff8770e0000 - 0x00007ff8771ca000 	C:\WINDOWS\System32\SHCORE.dll
0x00007ff878f30000 - 0x00007ff878f8d000 	C:\WINDOWS\System32\shlwapi.dll
0x00007ff876580000 - 0x00007ff8765a5000 	C:\WINDOWS\SYSTEM32\profapi.dll
0x00007ff869c40000 - 0x00007ff869c59000 	C:\Program Files\Android\Android Studio\jbr\bin\net.dll
0x00007ff86e600000 - 0x00007ff86e714000 	C:\WINDOWS\SYSTEM32\WINHTTP.dll
0x00007ff875680000 - 0x00007ff8756e7000 	C:\WINDOWS\system32\mswsock.dll
0x00007ff868dc0000 - 0x00007ff868dd6000 	C:\Program Files\Android\Android Studio\jbr\bin\nio.dll
0x00007ff869a90000 - 0x00007ff869aa0000 	C:\Program Files\Android\Android Studio\jbr\bin\verify.dll
0x00007ff869ae0000 - 0x00007ff869b07000 	C:\Users\mehre\.gradle\native\68d5fa5c4cc2d200863cafc0d521ce42e7d3e7ee720ec0a83991735586a16f82\windows-amd64\native-platform.dll
0x00007ff854d20000 - 0x00007ff854e64000 	C:\Users\mehre\.gradle\native\e376f236ea51e6404a007f0833ffe2c6e607c4080706a723a18a27aeea778392\windows-amd64\native-platform-file-events.dll
0x00007ff869650000 - 0x00007ff869659000 	C:\Program Files\Android\Android Studio\jbr\bin\management.dll
0x00007ff8695a0000 - 0x00007ff8695ab000 	C:\Program Files\Android\Android Studio\jbr\bin\management_ext.dll
0x00007ff878d60000 - 0x00007ff878d68000 	C:\WINDOWS\System32\PSAPI.DLL
0x00007ff8762f0000 - 0x00007ff876308000 	C:\WINDOWS\SYSTEM32\CRYPTSP.dll
0x00007ff8747e0000 - 0x00007ff874815000 	C:\WINDOWS\system32\rsaenh.dll
0x00007ff8757a0000 - 0x00007ff8757cc000 	C:\WINDOWS\SYSTEM32\USERENV.dll
0x00007ff875f20000 - 0x00007ff875f47000 	C:\WINDOWS\SYSTEM32\bcrypt.dll
0x00007ff875630000 - 0x00007ff87563c000 	C:\WINDOWS\SYSTEM32\CRYPTBASE.dll
0x00007ff8743e0000 - 0x00007ff87440d000 	C:\WINDOWS\SYSTEM32\IPHLPAPI.DLL
0x00007ff878000000 - 0x00007ff878009000 	C:\WINDOWS\System32\NSI.dll
0x00007ff86e260000 - 0x00007ff86e279000 	C:\WINDOWS\SYSTEM32\dhcpcsvc6.DLL
0x00007ff86e980000 - 0x00007ff86e99e000 	C:\WINDOWS\SYSTEM32\dhcpcsvc.DLL
0x00007ff874410000 - 0x00007ff8744f7000 	C:\WINDOWS\SYSTEM32\DNSAPI.dll
0x00007ff86cfe0000 - 0x00007ff86cfe8000 	C:\WINDOWS\system32\wshunix.dll

dbghelp: loaded successfully - version: 4.0.5 - missing functions: none
symbol engine: initialized successfully - sym options: 0x614 - pdb path: .;C:\Program Files\Android\Android Studio\jbr\bin;C:\WINDOWS\SYSTEM32;C:\WINDOWS\WinSxS\amd64_microsoft.windows.common-controls_6595b64144ccf1df_6.0.22000.120_none_9d947278b86cc467;C:\Program Files\Android\Android Studio\jbr\bin\server;C:\Users\mehre\.gradle\native\68d5fa5c4cc2d200863cafc0d521ce42e7d3e7ee720ec0a83991735586a16f82\windows-amd64;C:\Users\mehre\.gradle\native\e376f236ea51e6404a007f0833ffe2c6e607c4080706a723a18a27aeea778392\windows-amd64

VM Arguments:
jvm_args: --add-opens=java.base/java.util=ALL-UNNAMED --add-opens=java.base/java.lang=ALL-UNNAMED --add-opens=java.base/java.lang.invoke=ALL-UNNAMED --add-opens=java.prefs/java.util.prefs=ALL-UNNAMED --add-opens=java.base/java.nio.charset=ALL-UNNAMED --add-opens=java.base/java.net=ALL-UNNAMED --add-opens=java.base/java.util.concurrent.atomic=ALL-UNNAMED -Xmx2048m -Dfile.encoding=UTF-8 -Duser.country=US -Duser.language=en -Duser.variant -javaagent:C:\Users\mehre\.gradle\wrapper\dists\gradle-8.2-bin\bbg7u40eoinfdyxsxr3z4i7ta\gradle-8.2\lib\agents\gradle-instrumentation-agent-8.2.jar 
java_command: org.gradle.launcher.daemon.bootstrap.GradleDaemon 8.2
java_class_path (initial): C:\Users\mehre\.gradle\wrapper\dists\gradle-8.2-bin\bbg7u40eoinfdyxsxr3z4i7ta\gradle-8.2\lib\gradle-launcher-8.2.jar
Launcher Type: SUN_STANDARD

[Global flags]
     intx CICompilerCount                          = 3                                         {product} {ergonomic}
     uint ConcGCThreads                            = 1                                         {product} {ergonomic}
     uint G1ConcRefinementThreads                  = 4                                         {product} {ergonomic}
   size_t G1HeapRegionSize                         = 1048576                                   {product} {ergonomic}
    uintx GCDrainStackTargetSize                   = 64                                        {product} {ergonomic}
   size_t InitialHeapSize                          = 67108864                                  {product} {ergonomic}
   size_t MarkStackSize                            = 4194304                                   {product} {ergonomic}
   size_t MaxHeapSize                              = 2147483648                                {product} {command line}
   size_t MaxNewSize                               = 1287651328                                {product} {ergonomic}
   size_t MinHeapDeltaBytes                        = 1048576                                   {product} {ergonomic}
   size_t MinHeapSize                              = 8388608                                   {product} {ergonomic}
    uintx NonNMethodCodeHeapSize                   = 5832780                                {pd product} {ergonomic}
    uintx NonProfiledCodeHeapSize                  = 122912730                              {pd product} {ergonomic}
    uintx ProfiledCodeHeapSize                     = 122912730                              {pd product} {ergonomic}
    uintx ReservedCodeCacheSize                    = 251658240                              {pd product} {ergonomic}
     bool SegmentedCodeCache                       = true                                      {product} {ergonomic}
   size_t SoftMaxHeapSize                          = 2147483648                             {manageable} {ergonomic}
     bool UseCompressedClassPointers               = true                           {product lp64_product} {ergonomic}
     bool UseCompressedOops                        = true                           {product lp64_product} {ergonomic}
     bool UseG1GC                                  = true                                      {product} {ergonomic}
     bool UseLargePagesIndividualAllocation        = false                                  {pd product} {ergonomic}

Logging:
Log output configuration:
 #0: stdout all=warning uptime,level,tags
 #1: stderr all=off uptime,level,tags

Environment Variables:
PATH=C:\WINDOWS\system32;C:\WINDOWS;C:\WINDOWS\System32\Wbem;C:\WINDOWS\System32\WindowsPowerShell\v1.0\;C:\WINDOWS\System32\OpenSSH\;C:\Program Files\Git\cmd;C:\Users\mehre\AppData\Roaming\Microsoft\Windows\Start Menu\Programs\Python 3.12;C:\Users\mehre\AppData\Local\Programs\Python\Python312\Scripts\;C:\Users\mehre\AppData\Local\Programs\Python\Python312\;C:\Users\mehre\AppData\Local\Programs\Python\Launcher\;C:\Users\mehre\AppData\Local\Microsoft\WindowsApps;;C:\Users\mehre\AppData\Local\Programs\Microsoft VS Code\bin;D:\JetBrains\WebStorm 2023.3.1\bin;
USERNAME=mehre
OS=Windows_NT
PROCESSOR_IDENTIFIER=Intel64 Family 6 Model 69 Stepping 1, GenuineIntel
TMP=C:\Users\mehre\AppData\Local\Temp
TEMP=C:\Users\mehre\AppData\Local\Temp


JNI global refs:
JNI global refs: 25, weak refs: 0

JNI global refs memory usage: 843, weak refs: 841

OOME stack traces (most recent first):
Classloader memory used:
Loader org.gradle.internal.classloader.VisitableURLClassLoader                         : 3434K
Loader bootstrap                                                                       : 2794K
Loader org.gradle.initialization.MixInLegacyTypesClassLoader                           : 1018K
Loader org.gradle.internal.classloader.VisitableURLClassLoader$InstrumentingVisitableURLClassLoader: 96063B
Loader jdk.internal.loader.ClassLoaders$PlatformClassLoader                            : 84755B
Loader org.gradle.internal.classloader.VisitableURLClassLoader                         : 73847B
Loader jdk.internal.reflect.DelegatingClassLoader                                      : 29686B
Loader jdk.internal.loader.ClassLoaders$AppClassLoader                                 : 28352B
Loader org.gradle.groovy.scripts.internal.DefaultScriptCompilationHandler$ScriptClassLoader: 11608B
Loader org.codehaus.groovy.runtime.callsite.CallSiteClassLoader                        : 6501B

Classes loaded by more than one classloader:
Class org.gradle.internal.Cast                                                        : loaded 3 times (x 69B)
Class Program                                                                         : loaded 3 times (x 70B)
Class org.gradle.api.GradleException                                                  : loaded 3 times (x 80B)
Class org.gradle.internal.classpath.ClassPath                                         : loaded 2 times (x 68B)
Class org.gradle.api.internal.classpath.DefaultModuleRegistry                         : loaded 2 times (x 84B)
Class Settings_gradle$1$1                                                             : loaded 2 times (x 72B)
Class com.intellij.openapi.externalSystem.model.ExternalSystemException               : loaded 2 times (x 84B)
Class org.gradle.api.Action                                                           : loaded 2 times (x 68B)
Class org.jetbrains.kotlin.idea.gradleTooling.model.samWithReceiver.SamWithReceiverModel: loaded 2 times (x 68B)
Class org.jetbrains.plugins.gradle.model.ExternalProject                              : loaded 2 times (x 68B)
Class org.jetbrains.plugins.gradle.model.IntelliJSettings                             : loaded 2 times (x 68B)
Class org.jetbrains.kotlin.idea.gradleTooling.KotlinMPPGradleModel                    : loaded 2 times (x 68B)
Class org.gradle.api.internal.DefaultClassPathProvider                                : loaded 2 times (x 74B)
Class org.gradle.internal.installation.GradleInstallation$1                           : loaded 2 times (x 73B)
Class org.gradle.internal.exceptions.DefaultMultiCauseException                       : loaded 2 times (x 85B)
Class org.gradle.tooling.model.UnsupportedMethodException                             : loaded 2 times (x 80B)
Class ijinit_3fnexgm03dwkuwmotgklm39ik                                                : loaded 2 times (x 177B)
Class org.gradle.internal.time.MonotonicClock                                         : loaded 2 times (x 75B)
Class org.gradle.internal.classloader.FilteringClassLoader                            : loaded 2 times (x 102B)
Class org.gradle.tooling.model.Model                                                  : loaded 2 times (x 68B)
Class org.gradle.internal.classpath.DefaultClassPath$ImmutableUniqueList$Builder      : loaded 2 times (x 73B)
Class org.jetbrains.kotlin.idea.gradleTooling.KotlinSourceSetContainer                : loaded 2 times (x 68B)
Class org.gradle.internal.classloader.ClassLoaderVisitor                              : loaded 2 times (x 74B)
Class org.gradle.internal.time.DefaultCountdownTimer                                  : loaded 2 times (x 86B)
Class org.gradle.internal.service.DefaultServiceLocator                               : loaded 2 times (x 81B)
Class org.gradle.internal.service.UnknownServiceException                             : loaded 2 times (x 81B)
Class org.jetbrains.plugins.gradle.model.DependencyAccessorsModel                     : loaded 2 times (x 68B)
Class org.gradle.internal.classloader.DefaultClassLoaderFactory                       : loaded 2 times (x 80B)
Class org.jetbrains.plugins.gradle.model.GradleExtensions                             : loaded 2 times (x 68B)
Class org.jetbrains.plugins.gradle.model.VersionCatalogsModel                         : loaded 2 times (x 68B)
Class org.gradle.internal.classloader.VisitableURLClassLoader$Spec                    : loaded 2 times (x 72B)
Class org.gradle.tooling.model.ProjectModel                                           : loaded 2 times (x 68B)
Class org.jetbrains.plugins.gradle.model.MavenRepositoryModel                         : loaded 2 times (x 68B)
Class org.gradle.tooling.internal.gradle.DefaultProjectIdentifier                     : loaded 2 times (x 84B)
Class org.gradle.util.GradleVersion                                                   : loaded 2 times (x 81B)
Class org.jetbrains.plugins.gradle.model.RepositoriesModel                            : loaded 2 times (x 68B)
Class kotlin.jvm.internal.markers.KMappedMarker                                       : loaded 2 times (x 68B)
Class org.gradle.api.internal.ClassPathProvider                                       : loaded 2 times (x 68B)
Class org.gradle.internal.classloader.ClasspathUtil$1                                 : loaded 2 times (x 74B)
Class org.gradle.internal.classloader.ClassLoaderFactory                              : loaded 2 times (x 68B)
Class org.gradle.api.internal.classpath.ManifestUtil                                  : loaded 2 times (x 69B)
Class org.gradle.api.specs.Spec                                                       : loaded 2 times (x 68B)
Class sync_studio_tooling1786_1nfujvovj58xrjjm03zxri75v                               : loaded 2 times (x 177B)
Class sync_studio_tooling1786_1nfujvovj58xrjjm03zxri75v$_run_closure1                 : loaded 2 times (x 134B)
Class org.gradle.tooling.internal.gradle.GradleBuildIdentity                          : loaded 2 times (x 68B)
Class org.gradle.internal.IoActions                                                   : loaded 2 times (x 69B)
Class org.gradle.api.internal.classpath.EffectiveClassPath                            : loaded 2 times (x 88B)
Class kotlin.jvm.internal.DefaultConstructorMarker                                    : loaded 2 times (x 69B)
Class org.jetbrains.kotlin.idea.gradleTooling.model.annotation.AnnotationBasedPluginModel: loaded 2 times (x 68B)
Class org.jetbrains.kotlin.idea.gradleTooling.model.assignment.AssignmentModel        : loaded 2 times (x 68B)
Class org.gradle.internal.installation.CurrentGradleInstallation                      : loaded 2 times (x 71B)
Class org.gradle.internal.agents.InstrumentingClassLoader                             : loaded 2 times (x 68B)
Class org.gradle.internal.installation.CurrentGradleInstallationLocator               : loaded 2 times (x 69B)
Class org.gradle.api.internal.classpath.Module                                        : loaded 2 times (x 68B)
Class org.gradle.internal.service.CachingServiceLocator                               : loaded 2 times (x 80B)
Class org.gradle.internal.time.Timer                                                  : loaded 2 times (x 68B)
Class org.jetbrains.plugins.gradle.model.tests.ExternalTestsModel                     : loaded 2 times (x 68B)
Class org.jetbrains.kotlin.idea.gradleTooling.KotlinDslScriptAdditionalTask           : loaded 2 times (x 68B)
Class org.gradle.internal.classpath.DefaultClassPath                                  : loaded 2 times (x 88B)
Class com.intellij.openapi.externalSystem.model.project.dependencies.ProjectDependencies: loaded 2 times (x 68B)
Class org.jetbrains.kotlin.idea.gradleTooling.PrepareKotlinIdeImportTaskModel         : loaded 2 times (x 68B)
Class org.gradle.internal.impldep.com.google.common.base.Preconditions                : loaded 2 times (x 69B)
Class kotlin.jvm.functions.Function1                                                  : loaded 2 times (x 68B)
Class org.gradle.internal.time.Time                                                   : loaded 2 times (x 69B)
Class org.gradle.internal.time.TimeSource$1                                           : loaded 2 times (x 75B)
Class org.gradle.internal.classloader.SystemClassLoaderSpec                           : loaded 2 times (x 69B)
Class kotlin.Function                                                                 : loaded 2 times (x 68B)
Class org.gradle.api.UncheckedIOException                                             : loaded 2 times (x 80B)
Class org.gradle.api.internal.classpath.ModuleRegistry                                : loaded 2 times (x 68B)
Class org.gradle.tooling.internal.gradle.GradleProjectIdentity                        : loaded 2 times (x 68B)
Class org.gradle.internal.time.CountdownTimer                                         : loaded 2 times (x 68B)
Class org.gradle.internal.time.Clock                                                  : loaded 2 times (x 68B)
Class org.gradle.internal.classloader.ClasspathUtil                                   : loaded 2 times (x 69B)
Class org.gradle.tooling.model.BuildIdentifier                                        : loaded 2 times (x 68B)
Class org.gradle.api.internal.DefaultClassPathRegistry                                : loaded 2 times (x 74B)
Class org.gradle.api.internal.classpath.DefaultModuleRegistry$DefaultModule           : loaded 2 times (x 84B)
Class org.gradle.internal.time.TimeSource                                             : loaded 2 times (x 68B)
Class org.jetbrains.kotlin.android.synthetic.idea.AndroidExtensionsGradleModel        : loaded 2 times (x 68B)
Class org.gradle.api.internal.classpath.UnknownModuleException                        : loaded 2 times (x 80B)
Class org.jetbrains.plugins.gradle.model.IntelliJProjectSettings                      : loaded 2 times (x 68B)
Class org.gradle.internal.service.ServiceLookupException                              : loaded 2 times (x 80B)
Class org.gradle.cache.GlobalCache                                                    : loaded 2 times (x 68B)
Class org.jetbrains.kotlin.idea.gradleTooling.model.lombok.LombokModel                : loaded 2 times (x 68B)
Class org.gradle.tooling.model.ProjectIdentifier                                      : loaded 2 times (x 68B)
Class [Lorg.gradle.api.internal.ClassPathProvider;                                    : loaded 2 times (x 67B)
Class org.gradle.internal.operations.MultipleBuildOperationFailures                   : loaded 2 times (x 85B)
Class org.gradle.util.internal.GUtil                                                  : loaded 2 times (x 69B)
Class org.jetbrains.plugins.gradle.model.AnnotationProcessingModel                    : loaded 2 times (x 68B)
Class org.gradle.internal.classloader.ClassLoaderSpec                                 : loaded 2 times (x 69B)
Class org.jetbrains.plugins.gradle.model.BuildScriptClasspathModel                    : loaded 2 times (x 68B)
Class org.gradle.internal.classloader.VisitableURLClassLoader                         : loaded 2 times (x 114B)
Class org.gradle.internal.installation.GradleInstallation                             : loaded 2 times (x 73B)
Class org.gradle.api.internal.ClassPathRegistry                                       : loaded 2 times (x 68B)
Class org.gradle.internal.classloader.VisitableURLClassLoader$InstrumentingVisitableURLClassLoader: loaded 2 times (x 120B)
Class org.gradle.internal.classloader.ClassLoaderHierarchy                            : loaded 2 times (x 68B)
Class org.gradle.internal.exceptions.MultiCauseException                              : loaded 2 times (x 68B)
Class org.jetbrains.kotlin.idea.gradleTooling.model.parcelize.ParcelizeGradleModel    : loaded 2 times (x 68B)
Class org.gradle.internal.InternalTransformer                                         : loaded 2 times (x 68B)
Class org.jetbrains.kotlin.idea.gradleTooling.model.noarg.NoArgModel                  : loaded 2 times (x 68B)
Class org.jetbrains.kotlin.idea.gradleTooling.KotlinGradleModel                       : loaded 2 times (x 68B)
Class org.gradle.tooling.internal.gradle.DefaultBuildIdentifier                       : loaded 2 times (x 77B)
Class org.gradle.internal.service.ServiceLocator                                      : loaded 2 times (x 68B)
Class Settings_gradle$1                                                               : loaded 2 times (x 72B)
Class org.jetbrains.kotlin.idea.gradleTooling.model.allopen.AllOpenModel              : loaded 2 times (x 68B)
Class org.gradle.internal.classpath.DefaultClassPath$ImmutableUniqueList              : loaded 2 times (x 159B)
Class org.gradle.internal.time.DefaultTimer                                           : loaded 2 times (x 78B)
Class org.gradle.internal.classpath.TransformedClassPath                              : loaded 2 times (x 94B)
Class Settings_gradle                                                                 : loaded 2 times (x 126B)


---------------  S Y S T E M  ---------------

OS:
 Windows 11 , 64 bit Build 22000 (10.0.22000.2538)
OS uptime: 1 days 22:03 hours

CPU: total 4 (initial active 4) (2 cores per cpu, 2 threads per core) family 6 model 69 stepping 1 microcode 0x26, cx8, cmov, fxsr, ht, mmx, sse, sse2, sse3, ssse3, sse4.1, sse4.2, popcnt, lzcnt, tsc, tscinvbit, avx, avx2, aes, erms, clmul, bmi1, bmi2, fma, vzeroupper, clflush

Memory: 4k page, system-wide physical 3993M (190M free)
TotalPageFile size 11429M (AvailPageFile size 119M)
current process WorkingSet (physical memory assigned to process): 232M, peak: 270M
current process commit charge ("private bytes"): 305M, peak: 531M

vm_info: OpenJDK 64-Bit Server VM (17.0.7+0-b2043.56-10550314) for windows-amd64 JRE (17.0.7+0-b2043.56-10550314), built on Jul 24 2023 18:27:45 by "androidbuild" with MS VC++ 16.10 / 16.11 (VS2019)

END.
